<?xml version="1.0" encoding="utf-8"?><testsuites name="pytest tests"><testsuite name="pytest" errors="0" failures="0" skipped="3" tests="1165" time="14.976" timestamp="2026-09-14T00:36:43.005190-03:00" hostname="localhost"><testcase classname="tests.lyrics.test_lyrics_engine.TestMsToLrcTimestamp" name="test_formato_correto" file="tests/lyrics/test_lyrics_engine.py" line="85" time="0.003" /><testcase classname="tests.lyrics.test_lyrics_engine.TestMsToLrcTimestamp" name="test_minutos_corretamente_calculados" file="tests/lyrics/test_lyrics_engine.py" line="88" time="0.001" /><testcase classname="tests.lyrics.test_lyrics_engine.TestMsToLrcTimestamp" name="test_milissegundos_preservados" file="tests/lyrics/test_lyrics_engine.py" line="92" time="0.001" /><testcase classname="tests.lyrics.test_lyrics_engine.TestBuildBilingualLrc" name="test_retorna_original_sem_traducao" file="tests/lyrics/test_lyrics_engine.py" line="103" time="0.002" /><testcase classname="tests.lyrics.test_lyrics_engine.TestBuildBilingualLrc" name="test_retorna_original_com_traducao_vazia" file="tests/lyrics/test_lyrics_engine.py" line="107" time="0.001" /><testcase classname="tests.lyrics.test_lyrics_engine.TestBuildBilingualLrc" name="test_retorna_traducao_sem_original" file="tests/lyrics/test_lyrics_engine.py" line="111" time="0.001" /><testcase classname="tests.lyrics.test_lyrics_engine.TestBuildBilingualLrc" name="test_resultado_nao_e_none" file="tests/lyrics/test_lyrics_engine.py" line="115" time="0.002" /><testcase classname="tests.lyrics.test_lyrics_engine.TestBuildBilingualLrc" name="test_original_aparece_antes_da_traducao_em_cada_par" file="tests/lyrics/test_lyrics_engine.py" line="119" time="0.002" /><testcase classname="tests.lyrics.test_lyrics_engine.TestBuildBilingualLrc" name="test_prefixo_de_traducao_presente" file="tests/lyrics/test_lyrics_engine.py" line="135" time="0.001" /><testcase classname="tests.lyrics.test_lyrics_engine.TestBuildBilingualLrc" name="test_linhas_originais_sem_prefixo" file="tests/lyrics/test_lyrics_engine.py" line="140" time="0.002" /><testcase classname="tests.lyrics.test_lyrics_engine.TestBuildBilingualLrc" name="test_numero_total_de_linhas" file="tests/lyrics/test_lyrics_engine.py" line="146" time="0.002" /><testcase classname="tests.lyrics.test_lyrics_engine.TestBuildBilingualLrc" name="test_ordem_cronologica_preservada" file="tests/lyrics/test_lyrics_engine.py" line="152" time="0.002" /><testcase classname="tests.lyrics.test_lyrics_engine.TestBuildBilingualLrc" name="test_traducao_sem_par_nao_quebra" file="tests/lyrics/test_lyrics_engine.py" line="165" time="0.001" /><testcase classname="tests.lyrics.test_lyrics_engine.TestBuildBilingualLrc" name="test_original_sem_par_de_traducao_aparece" file="tests/lyrics/test_lyrics_engine.py" line="173" time="0.001" /><testcase classname="tests.lyrics.test_lyrics_engine.TestBuildBilingualLrc" name="test_timestamps_com_2_casas_decimais_aceitos" file="tests/lyrics/test_lyrics_engine.py" line="181" time="0.001" /><testcase classname="tests.lyrics.test_lyrics_engine.TestBuildBilingualLrc" name="test_linhas_sem_timestamp_ignoradas" file="tests/lyrics/test_lyrics_engine.py" line="189" time="0.001" /><testcase classname="tests.lyrics.test_lyrics_engine.TestBuildBilingualLrc" name="test_linhas_vazias_no_lrc_ignoradas" file="tests/lyrics/test_lyrics_engine.py" line="198" time="0.002" /><testcase classname="tests.network.test_musicbrainz.TestEntradaInvalida" name="test_isrc_vazio_nao_faz_requisicao" file="tests/network/test_musicbrainz.py" line="76" time="0.011" /><testcase classname="tests.network.test_musicbrainz.TestEntradaInvalida" name="test_isrc_none_nao_faz_requisicao" file="tests/network/test_musicbrainz.py" line="82" time="0.004" /><testcase classname="tests.network.test_musicbrainz.TestNormalizacaoDeIsrc" name="test_isrc_minusculo_e_com_espaco_e_normalizado" file="tests/network/test_musicbrainz.py" line="88" time="0.041" /><testcase classname="tests.network.test_musicbrainz.TestCache" name="test_segunda_chamada_usa_cache_sem_nova_requisicao" file="tests/network/test_musicbrainz.py" line="104" time="0.010" /><testcase classname="tests.network.test_musicbrainz.TestCache" name="test_sem_recordings_tambem_e_cacheado" file="tests/network/test_musicbrainz.py" line="127" time="0.010" /><testcase classname="tests.network.test_musicbrainz.TestExtracaoDosCampos" name="test_sem_releases_album_mbid_fica_none" file="tests/network/test_musicbrainz.py" line="142" time="0.009" /><testcase classname="tests.network.test_musicbrainz.TestExtracaoDosCampos" name="test_credito_com_item_nao_dict_e_ignorado" file="tests/network/test_musicbrainz.py" line="157" time="0.009" /><testcase classname="tests.network.test_musicbrainz.TestExtracaoDosCampos" name="test_sem_nenhum_artist_credit_valido_artist_mbid_fica_none" file="tests/network/test_musicbrainz.py" line="180" time="0.009" /><testcase classname="tests.network.test_musicbrainz.TestFalhasNaoSaoCacheadasPermanentemente" name="test_erro_http_nao_e_cacheado" file="tests/network/test_musicbrainz.py" line="203" time="0.014" /><testcase classname="tests.network.test_musicbrainz.TestFalhasNaoSaoCacheadasPermanentemente" name="test_excecao_generica_nao_e_cacheada" file="tests/network/test_musicbrainz.py" line="217" time="0.013" /><testcase classname="tests.network.test_musicbrainz.TestThrottle" name="test_throttle_e_respeitado_apos_requisicao" file="tests/network/test_musicbrainz.py" line="229" time="0.009" /><testcase classname="tests.network.test_musicbrainz.TestThrottle" name="test_cache_hit_nao_dispara_throttle" file="tests/network/test_musicbrainz.py" line="241" time="0.010" /><testcase classname="tests.network.test_rede.TestCheckForUpdates" name="test_avisa_quando_ha_versao_nova" file="tests/network/test_rede.py" line="30" time="0.015" /><testcase classname="tests.network.test_rede.TestCheckForUpdates" name="test_silencio_quando_ja_esta_atualizado" file="tests/network/test_rede.py" line="39" time="0.007" /><testcase classname="tests.network.test_rede.TestCheckForUpdates" name="test_nao_avisa_para_release_candidate" file="tests/network/test_rede.py" line="52" time="0.008" /><testcase classname="tests.network.test_rede.TestCheckForUpdates" name="test_tags_nao_numericas_nao_quebram[v99.0.0-rc1]" file="tests/network/test_rede.py" line="70" time="0.008" /><testcase classname="tests.network.test_rede.TestCheckForUpdates" name="test_tags_nao_numericas_nao_quebram[v99.0.0b1]" file="tests/network/test_rede.py" line="70" time="0.008" /><testcase classname="tests.network.test_rede.TestCheckForUpdates" name="test_tags_nao_numericas_nao_quebram[v99.0.0.post1]" file="tests/network/test_rede.py" line="70" time="0.008" /><testcase classname="tests.network.test_rede.TestCheckForUpdates" name="test_erro_http_nao_derruba_o_programa" file="tests/network/test_rede.py" line="82" time="0.008" /><testcase classname="tests.network.test_rede.TestCheckForUpdates" name="test_sem_rede_nao_derruba_o_programa" file="tests/network/test_rede.py" line="91" time="0.007" /><testcase classname="tests.network.test_rede.TestCheckForUpdates" name="test_timeout_nao_derruba_o_programa" file="tests/network/test_rede.py" line="98" time="0.007" /><testcase classname="tests.network.test_rede.TestCheckForUpdates" name="test_json_invalido_nao_derruba_o_programa" file="tests/network/test_rede.py" line="105" time="0.009" /><testcase classname="tests.network.test_rede.TestCheckForUpdates" name="test_resposta_sem_tag_name" file="tests/network/test_rede.py" line="114" time="0.008" /><testcase classname="tests.network.test_rede.TestCheckForUpdates" name="test_falha_e_registrada_em_debug" file="tests/network/test_rede.py" line="124" time="0.009" /><testcase classname="tests.regression.test_binarios.TestEncontrarBinario" name="test_acha_binario_que_existe" file="tests/regression/test_binarios.py" line="22" time="0.002" /><testcase classname="tests.regression.test_binarios.TestEncontrarBinario" name="test_devolve_none_para_inexistente" file="tests/regression/test_binarios.py" line="27" time="0.002" /><testcase classname="tests.regression.test_binarios.TestEncontrarBinario" name="test_memoriza_o_resultado" file="tests/regression/test_binarios.py" line="30" time="0.002" /><testcase classname="tests.regression.test_binarios.TestEncontrarBinario" name="test_memoriza_tambem_a_ausencia" file="tests/regression/test_binarios.py" line="48" time="0.002" /><testcase classname="tests.regression.test_binarios.TestEncontrarBinario" name="test_procura_no_appdir_do_a_shell" file="tests/regression/test_binarios.py" line="64" time="0.005" /><testcase classname="tests.regression.test_binarios.TestChecarBinariosExternos" name="test_avisa_uma_vez_sobre_ffmpeg_ausente" file="tests/regression/test_binarios.py" line="95" time="0.003" /><testcase classname="tests.regression.test_binarios.TestChecarBinariosExternos" name="test_nao_cobra_fpcalc_de_quem_nao_pediu" file="tests/regression/test_binarios.py" line="104" time="0.003" /><testcase classname="tests.regression.test_binarios.TestChecarBinariosExternos" name="test_cobra_fpcalc_quando_pedido" file="tests/regression/test_binarios.py" line="111" time="0.003" /><testcase classname="tests.regression.test_binarios.TestChecarBinariosExternos" name="test_silencio_quando_tudo_esta_presente" file="tests/regression/test_binarios.py" line="118" time="0.002" /><testcase classname="tests.regression.test_binarios.TestChecarBinariosExternos" name="test_cai_para_logging_sem_a_ui" file="tests/regression/test_binarios.py" line="128" time="0.003" /><testcase classname="tests.regression.test_binarios.TestVerifyAudioIntegrity" name="test_sem_ffmpeg_devolve_motivo_claro" file="tests/regression/test_binarios.py" line="149" time="0.004" /><testcase classname="tests.regression.test_binarios.TestVerifyAudioIntegrity" name="test_arquivo_inexistente" file="tests/regression/test_binarios.py" line="162" time="0.003" /><testcase classname="tests.regression.test_binarios.TestOrdemDaChecagem" name="test_aviso_de_fpcalc_alcanca_find_duplicates" file="tests/regression/test_binarios.py" line="191" time="0.090" /><testcase classname="tests.regression.test_binarios.TestOrdemDaChecagem" name="test_aviso_de_ffmpeg_aparece_uma_vez_so" file="tests/regression/test_binarios.py" line="200" time="0.029" /><testcase classname="tests.regression.test_binarios.TestOrdemDaChecagem" name="test_avisos_nao_estouram_terminal_estreito" file="tests/regression/test_binarios.py" line="207" time="0.031" /><testcase classname="tests.regression.test_dependencias.TestFonteDeVerdadeUnica" name="test_setup_py_nao_duplica_dependencias" file="tests/regression/test_dependencias.py" line="56" time="0.003" /><testcase classname="tests.regression.test_dependencias.TestFonteDeVerdadeUnica" name="test_requirements_txt_em_sincronia_com_pyproject" file="tests/regression/test_dependencias.py" line="69" time="0.075" /><testcase classname="tests.regression.test_dependencias.TestNucleoInstalavelEmAmbienteRestrito" name="test_sem_pacote_compilado_desnecessario_no_nucleo" file="tests/regression/test_dependencias.py" line="91" time="0.006" /><testcase classname="tests.regression.test_dependencias.TestNucleoInstalavelEmAmbienteRestrito" name="test_cryptography_sem_piso_de_versao" file="tests/regression/test_dependencias.py" line="101" time="0.001" /><testcase classname="tests.regression.test_dependencias.TestExtras" name="test_extras_esperados_existem" file="tests/regression/test_dependencias.py" line="114" time="0.001" /><testcase classname="tests.regression.test_dependencias.TestExtras" name="test_extra_all_cobre_todos_os_outros" file="tests/regression/test_dependencias.py" line="119" time="0.001" /><testcase classname="tests.regression.test_dependencias.TestExtras" name="test_features_opcionais_nao_estao_no_nucleo" file="tests/regression/test_dependencias.py" line="129" time="0.001" /><testcase classname="tests.regression.test_dependencias.TestSemDependenciaMorta" name="test_beautifulsoup4_nao_voltou" file="tests/regression/test_dependencias.py" line="138" time="0.001" /><testcase classname="tests.regression.test_dependencias.TestSemDependenciaMorta" name="test_nenhum_import_de_bs4_no_codigo" file="tests/regression/test_dependencias.py" line="146" time="0.013" /><testcase classname="tests.regression.test_dependencias.TestPisoDePython" name="test_piso_declarado_e_3_10" file="tests/regression/test_dependencias.py" line="156" time="0.001" /><testcase classname="tests.regression.test_dependencias.TestPisoDePython" name="test_classifiers_nao_mentem_sobre_3_9" file="tests/regression/test_dependencias.py" line="162" time="0.001" /><testcase classname="tests.regression.test_dependencias.TestPisoDePython" name="test_classifiers_cobrem_o_piso" file="tests/regression/test_dependencias.py" line="165" time="0.002" /><testcase classname="tests.regression.test_dependencias.TestImportsDoNucleoSaoDeclarados" name="test_lyricsgenius_declarado_como_extra" file="tests/regression/test_dependencias.py" line="172" time="0.004" /><testcase classname="tests.regression.test_release_type.TestPalavrasChaveTemPrioridadeSobreContagem" name="test_live_no_titulo_vence_a_contagem_de_faixas" file="tests/regression/test_release_type.py" line="35" time="0.001" /><testcase classname="tests.regression.test_release_type.TestPalavrasChaveTemPrioridadeSobreContagem" name="test_live_na_versao" file="tests/regression/test_release_type.py" line="38" time="0.001" /><testcase classname="tests.regression.test_release_type.TestPalavrasChaveTemPrioridadeSobreContagem" name="test_compilation_por_titulo" file="tests/regression/test_release_type.py" line="43" time="0.002" /><testcase classname="tests.regression.test_release_type.TestPalavrasChaveTemPrioridadeSobreContagem" name="test_ep_por_titulo_com_espaco_antes" file="tests/regression/test_release_type.py" line="48" time="0.001" /><testcase classname="tests.regression.test_release_type.TestPalavrasChaveTemPrioridadeSobreContagem" name="test_ep_sozinho_no_titulo_sem_espaco_nao_e_pego_pela_keyword" file="tests/regression/test_release_type.py" line="51" time="0.001" /><testcase classname="tests.regression.test_release_type.TestPalavrasChaveTemPrioridadeSobreContagem" name="test_ep_pela_versao_exata" file="tests/regression/test_release_type.py" line="58" time="0.001" /><testcase classname="tests.regression.test_release_type.TestContagemDeFaixasCorrigeATagDaApi" name="test_ate_3_e_single" file="tests/regression/test_release_type.py" line="66" time="0.001" /><testcase classname="tests.regression.test_release_type.TestContagemDeFaixasCorrigeATagDaApi" name="test_de_4_a_7_e_ep" file="tests/regression/test_release_type.py" line="71" time="0.001" /><testcase classname="tests.regression.test_release_type.TestContagemDeFaixasCorrigeATagDaApi" name="test_acima_de_7_e_album" file="tests/regression/test_release_type.py" line="74" time="0.002" /><testcase classname="tests.regression.test_release_type.TestContagemDeFaixasCorrigeATagDaApi" name="test_contagem_vence_tag_errada_da_api" file="tests/regression/test_release_type.py" line="79" time="0.002" /><testcase classname="tests.regression.test_release_type.TestFallbackSemContagemDeFaixas" name="test_duracao_longa_vira_album" file="tests/regression/test_release_type.py" line="89" time="0.002" /><testcase classname="tests.regression.test_release_type.TestFallbackSemContagemDeFaixas" name="test_duracao_curta_cai_pra_tag_da_api" file="tests/regression/test_release_type.py" line="92" time="0.001" /><testcase classname="tests.regression.test_release_type.TestFallbackSemContagemDeFaixas" name="test_sem_nada_cai_pro_item_type" file="tests/regression/test_release_type.py" line="98" time="0.001" /><testcase classname="tests.regression.test_release_type.TestFormatReleaseType" name="test_ep_fica_em_maiusculas" file="tests/regression/test_release_type.py" line="109" time="0.001" /><testcase classname="tests.regression.test_release_type.TestFormatReleaseType" name="test_outros_tipos_ficam_em_title_case" file="tests/regression/test_release_type.py" line="112" time="0.002" /><testcase classname="tests.regression.test_release_type.TestFormatReleaseType" name="test_desconhecido_vira_texto_amigavel" file="tests/regression/test_release_type.py" line="116" time="0.001" /><testcase classname="tests.regression.test_release_type.TestMediaTypeNuncaDivergeDeReleaseType" name="test_get_track_attr" file="tests/regression/test_release_type.py" line="127" time="0.002" /><testcase classname="tests.regression.test_release_type.TestMediaTypeNuncaDivergeDeReleaseType" name="test_get_album_attr" file="tests/regression/test_release_type.py" line="141" time="0.002" /><testcase classname="tests.regression.test_release_type.TestMediaTypeNuncaDivergeDeReleaseType" name="test_varios_tamanhos_de_lancamento[2-Single]" file="tests/regression/test_release_type.py" line="156" time="0.002" /><testcase classname="tests.regression.test_release_type.TestMediaTypeNuncaDivergeDeReleaseType" name="test_varios_tamanhos_de_lancamento[5-EP]" file="tests/regression/test_release_type.py" line="156" time="0.002" /><testcase classname="tests.regression.test_release_type.TestMediaTypeNuncaDivergeDeReleaseType" name="test_varios_tamanhos_de_lancamento[10-Album]" file="tests/regression/test_release_type.py" line="156" time="0.002" /><testcase classname="tests.ui.test_terminal_width" name="test_nenhuma_linha_estoura[tela-inicial-120]" file="tests/ui/test_terminal_width.py" line="32" time="0.020" /><testcase classname="tests.ui.test_terminal_width" name="test_nenhuma_linha_estoura[tela-inicial-100]" file="tests/ui/test_terminal_width.py" line="32" time="0.021" /><testcase classname="tests.ui.test_terminal_width" name="test_nenhuma_linha_estoura[tela-inicial-80]" file="tests/ui/test_terminal_width.py" line="32" time="0.022" /><testcase classname="tests.ui.test_terminal_width" name="test_nenhuma_linha_estoura[tela-inicial-72]" file="tests/ui/test_terminal_width.py" line="32" time="0.020" /><testcase classname="tests.ui.test_terminal_width" name="test_nenhuma_linha_estoura[tela-inicial-60]" file="tests/ui/test_terminal_width.py" line="32" time="0.021" /><testcase classname="tests.ui.test_terminal_width" name="test_nenhuma_linha_estoura[tela-inicial-50]" file="tests/ui/test_terminal_width.py" line="32" time="0.021" /><testcase classname="tests.ui.test_terminal_width" name="test_nenhuma_linha_estoura[tela-inicial-40]" file="tests/ui/test_terminal_width.py" line="32" time="0.023" /><testcase classname="tests.ui.test_terminal_width" name="test_nenhuma_linha_estoura[tela-inicial-32]" file="tests/ui/test_terminal_width.py" line="32" time="0.022" /><testcase classname="tests.ui.test_terminal_width" name="test_nenhuma_linha_estoura[stats-120]" file="tests/ui/test_terminal_width.py" line="32" time="0.018" /><testcase classname="tests.ui.test_terminal_width" name="test_nenhuma_linha_estoura[stats-100]" file="tests/ui/test_terminal_width.py" line="32" time="0.019" /><testcase classname="tests.ui.test_terminal_width" name="test_nenhuma_linha_estoura[stats-80]" file="tests/ui/test_terminal_width.py" line="32" time="0.019" /><testcase classname="tests.ui.test_terminal_width" name="test_nenhuma_linha_estoura[stats-72]" file="tests/ui/test_terminal_width.py" line="32" time="0.018" /><testcase classname="tests.ui.test_terminal_width" name="test_nenhuma_linha_estoura[stats-60]" file="tests/ui/test_terminal_width.py" line="32" time="0.017" /><testcase classname="tests.ui.test_terminal_width" name="test_nenhuma_linha_estoura[stats-50]" file="tests/ui/test_terminal_width.py" line="32" time="0.018" /><testcase classname="tests.ui.test_terminal_width" name="test_nenhuma_linha_estoura[stats-40]" file="tests/ui/test_terminal_width.py" line="32" time="0.018" /><testcase classname="tests.ui.test_terminal_width" name="test_nenhuma_linha_estoura[stats-32]" file="tests/ui/test_terminal_width.py" line="32" time="0.017" /><testcase classname="tests.ui.test_terminal_width" name="test_nenhuma_linha_estoura[stats---artistas-120]" file="tests/ui/test_terminal_width.py" line="32" time="0.019" /><testcase classname="tests.ui.test_terminal_width" name="test_nenhuma_linha_estoura[stats---artistas-100]" file="tests/ui/test_terminal_width.py" line="32" time="0.017" /><testcase classname="tests.ui.test_terminal_width" name="test_nenhuma_linha_estoura[stats---artistas-80]" file="tests/ui/test_terminal_width.py" line="32" time="0.019" /><testcase classname="tests.ui.test_terminal_width" name="test_nenhuma_linha_estoura[stats---artistas-72]" file="tests/ui/test_terminal_width.py" line="32" time="0.021" /><testcase classname="tests.ui.test_terminal_width" name="test_nenhuma_linha_estoura[stats---artistas-60]" file="tests/ui/test_terminal_width.py" line="32" time="0.017" /><testcase classname="tests.ui.test_terminal_width" name="test_nenhuma_linha_estoura[stats---artistas-50]" file="tests/ui/test_terminal_width.py" line="32" time="0.019" /><testcase classname="tests.ui.test_terminal_width" name="test_nenhuma_linha_estoura[stats---artistas-40]" file="tests/ui/test_terminal_width.py" line="32" time="0.019" /><testcase classname="tests.ui.test_terminal_width" name="test_nenhuma_linha_estoura[stats---artistas-32]" file="tests/ui/test_terminal_width.py" line="32" time="0.019" /><testcase classname="tests.ui.test_terminal_width" name="test_config_dir_isolado_de_verdade" file="tests/ui/test_terminal_width.py" line="52" time="0.019" /><testcase classname="tests.ui.test_ui_concurrency" name="test_nenhuma_mensagem_e_perdida" file="tests/ui/test_ui_concurrency.py" line="100" time="0.245" /><testcase classname="tests.ui.test_ui_concurrency" name="test_nenhuma_linha_sai_picada" file="tests/ui/test_ui_concurrency.py" line="112" time="0.252" /><testcase classname="tests.ui.test_ui_concurrency" name="test_todos_os_tres_caminhos_de_saida_aparecem" file="tests/ui/test_ui_concurrency.py" line="138" time="0.237" /><testcase classname="tests.ui.test_ui_wrap" name="test_nenhuma_linha_estoura[Nenhum dado encont-ok-120]" file="tests/ui/test_ui_wrap.py" line="54" time="0.004" /><testcase classname="tests.ui.test_ui_wrap" name="test_nenhuma_linha_estoura[Nenhum dado encont-ok-80]" file="tests/ui/test_ui_wrap.py" line="54" time="0.003" /><testcase classname="tests.ui.test_ui_wrap" name="test_nenhuma_linha_estoura[Nenhum dado encont-ok-72]" file="tests/ui/test_ui_wrap.py" line="54" time="0.004" /><testcase classname="tests.ui.test_ui_wrap" name="test_nenhuma_linha_estoura[Nenhum dado encont-ok-60]" file="tests/ui/test_ui_wrap.py" line="54" time="0.004" /><testcase classname="tests.ui.test_ui_wrap" name="test_nenhuma_linha_estoura[Nenhum dado encont-ok-50]" file="tests/ui/test_ui_wrap.py" line="54" time="0.004" /><testcase classname="tests.ui.test_ui_wrap" name="test_nenhuma_linha_estoura[Nenhum dado encont-ok-40]" file="tests/ui/test_ui_wrap.py" line="54" time="0.004" /><testcase classname="tests.ui.test_ui_wrap" name="test_nenhuma_linha_estoura[Nenhum dado encont-ok-32]" file="tests/ui/test_ui_wrap.py" line="54" time="0.004" /><testcase classname="tests.ui.test_ui_wrap" name="test_nenhuma_linha_estoura[Nenhum dado encont-warn-120]" file="tests/ui/test_ui_wrap.py" line="54" time="0.003" /><testcase classname="tests.ui.test_ui_wrap" name="test_nenhuma_linha_estoura[Nenhum dado encont-warn-80]" file="tests/ui/test_ui_wrap.py" line="54" time="0.004" /><testcase classname="tests.ui.test_ui_wrap" name="test_nenhuma_linha_estoura[Nenhum dado encont-warn-72]" file="tests/ui/test_ui_wrap.py" line="54" time="0.004" /><testcase classname="tests.ui.test_ui_wrap" name="test_nenhuma_linha_estoura[Nenhum dado encont-warn-60]" file="tests/ui/test_ui_wrap.py" line="54" time="0.004" /><testcase classname="tests.ui.test_ui_wrap" name="test_nenhuma_linha_estoura[Nenhum dado encont-warn-50]" file="tests/ui/test_ui_wrap.py" line="54" time="0.004" /><testcase classname="tests.ui.test_ui_wrap" name="test_nenhuma_linha_estoura[Nenhum dado encont-warn-40]" file="tests/ui/test_ui_wrap.py" line="54" time="0.004" /><testcase classname="tests.ui.test_ui_wrap" name="test_nenhuma_linha_estoura[Nenhum dado encont-warn-32]" file="tests/ui/test_ui_wrap.py" line="54" time="0.004" /><testcase classname="tests.ui.test_ui_wrap" name="test_nenhuma_linha_estoura[Nenhum dado encont-error-120]" file="tests/ui/test_ui_wrap.py" line="54" time="0.004" /><testcase classname="tests.ui.test_ui_wrap" name="test_nenhuma_linha_estoura[Nenhum dado encont-error-80]" file="tests/ui/test_ui_wrap.py" line="54" time="0.004" /><testcase classname="tests.ui.test_ui_wrap" name="test_nenhuma_linha_estoura[Nenhum dado encont-error-72]" file="tests/ui/test_ui_wrap.py" line="54" time="0.003" /><testcase classname="tests.ui.test_ui_wrap" name="test_nenhuma_linha_estoura[Nenhum dado encont-error-60]" file="tests/ui/test_ui_wrap.py" line="54" time="0.003" /><testcase classname="tests.ui.test_ui_wrap" name="test_nenhuma_linha_estoura[Nenhum dado encont-error-50]" file="tests/ui/test_ui_wrap.py" line="54" time="0.004" /><testcase classname="tests.ui.test_ui_wrap" name="test_nenhuma_linha_estoura[Nenhum dado encont-error-40]" file="tests/ui/test_ui_wrap.py" line="54" time="0.004" /><testcase classname="tests.ui.test_ui_wrap" name="test_nenhuma_linha_estoura[Nenhum dado encont-error-32]" file="tests/ui/test_ui_wrap.py" line="54" time="0.004" /><testcase classname="tests.ui.test_ui_wrap" name="test_nenhuma_linha_estoura[Nenhum dado encont-step-120]" file="tests/ui/test_ui_wrap.py" line="54" time="0.004" /><testcase classname="tests.ui.test_ui_wrap" name="test_nenhuma_linha_estoura[Nenhum dado encont-step-80]" file="tests/ui/test_ui_wrap.py" line="54" time="0.003" /><testcase classname="tests.ui.test_ui_wrap" name="test_nenhuma_linha_estoura[Nenhum dado encont-step-72]" file="tests/ui/test_ui_wrap.py" line="54" time="0.004" /><testcase classname="tests.ui.test_ui_wrap" name="test_nenhuma_linha_estoura[Nenhum dado encont-step-60]" file="tests/ui/test_ui_wrap.py" line="54" time="0.004" /><testcase classname="tests.ui.test_ui_wrap" name="test_nenhuma_linha_estoura[Nenhum dado encont-step-50]" file="tests/ui/test_ui_wrap.py" line="54" time="0.004" /><testcase classname="tests.ui.test_ui_wrap" name="test_nenhuma_linha_estoura[Nenhum dado encont-step-40]" file="tests/ui/test_ui_wrap.py" line="54" time="0.004" /><testcase classname="tests.ui.test_ui_wrap" name="test_nenhuma_linha_estoura[Nenhum dado encont-step-32]" file="tests/ui/test_ui_wrap.py" line="54" time="0.004" /><testcase classname="tests.ui.test_ui_wrap" name="test_nenhuma_linha_estoura[Nenhum dado encont-skip-120]" file="tests/ui/test_ui_wrap.py" line="54" time="0.004" /><testcase classname="tests.ui.test_ui_wrap" name="test_nenhuma_linha_estoura[Nenhum dado encont-skip-80]" file="tests/ui/test_ui_wrap.py" line="54" time="0.004" /><testcase classname="tests.ui.test_ui_wrap" name="test_nenhuma_linha_estoura[Nenhum dado encont-skip-72]" file="tests/ui/test_ui_wrap.py" line="54" time="0.004" /><testcase classname="tests.ui.test_ui_wrap" name="test_nenhuma_linha_estoura[Nenhum dado encont-skip-60]" file="tests/ui/test_ui_wrap.py" line="54" time="0.004" /><testcase classname="tests.ui.test_ui_wrap" name="test_nenhuma_linha_estoura[Nenhum dado encont-skip-50]" file="tests/ui/test_ui_wrap.py" line="54" time="0.003" /><testcase classname="tests.ui.test_ui_wrap" name="test_nenhuma_linha_estoura[Nenhum dado encont-skip-40]" file="tests/ui/test_ui_wrap.py" line="54" time="0.003" /><testcase classname="tests.ui.test_ui_wrap" name="test_nenhuma_linha_estoura[Nenhum dado encont-skip-32]" file="tests/ui/test_ui_wrap.py" line="54" time="0.004" /><testcase classname="tests.ui.test_ui_wrap" name="test_nenhuma_linha_estoura[Album baixado com -ok-120]" file="tests/ui/test_ui_wrap.py" line="54" time="0.003" /><testcase classname="tests.ui.test_ui_wrap" name="test_nenhuma_linha_estoura[Album baixado com -ok-80]" file="tests/ui/test_ui_wrap.py" line="54" time="0.004" /><testcase classname="tests.ui.test_ui_wrap" name="test_nenhuma_linha_estoura[Album baixado com -ok-72]" file="tests/ui/test_ui_wrap.py" line="54" time="0.005" /><testcase classname="tests.ui.test_ui_wrap" name="test_nenhuma_linha_estoura[Album baixado com -ok-60]" file="tests/ui/test_ui_wrap.py" line="54" time="0.004" /><testcase classname="tests.ui.test_ui_wrap" name="test_nenhuma_linha_estoura[Album baixado com -ok-50]" file="tests/ui/test_ui_wrap.py" line="54" time="0.003" /><testcase classname="tests.ui.test_ui_wrap" name="test_nenhuma_linha_estoura[Album baixado com -ok-40]" file="tests/ui/test_ui_wrap.py" line="54" time="0.004" /><testcase classname="tests.ui.test_ui_wrap" name="test_nenhuma_linha_estoura[Album baixado com -ok-32]" file="tests/ui/test_ui_wrap.py" line="54" time="0.004" /><testcase classname="tests.ui.test_ui_wrap" name="test_nenhuma_linha_estoura[Album baixado com -warn-120]" file="tests/ui/test_ui_wrap.py" line="54" time="0.003" /><testcase classname="tests.ui.test_ui_wrap" name="test_nenhuma_linha_estoura[Album baixado com -warn-80]" file="tests/ui/test_ui_wrap.py" line="54" time="0.004" /><testcase classname="tests.ui.test_ui_wrap" name="test_nenhuma_linha_estoura[Album baixado com -warn-72]" file="tests/ui/test_ui_wrap.py" line="54" time="0.004" /><testcase classname="tests.ui.test_ui_wrap" name="test_nenhuma_linha_estoura[Album baixado com -warn-60]" file="tests/ui/test_ui_wrap.py" line="54" time="0.003" /><testcase classname="tests.ui.test_ui_wrap" name="test_nenhuma_linha_estoura[Album baixado com -warn-50]" file="tests/ui/test_ui_wrap.py" line="54" time="0.003" /><testcase classname="tests.ui.test_ui_wrap" name="test_nenhuma_linha_estoura[Album baixado com -warn-40]" file="tests/ui/test_ui_wrap.py" line="54" time="0.004" /><testcase classname="tests.ui.test_ui_wrap" name="test_nenhuma_linha_estoura[Album baixado com -warn-32]" file="tests/ui/test_ui_wrap.py" line="54" time="0.003" /><testcase classname="tests.ui.test_ui_wrap" name="test_nenhuma_linha_estoura[Album baixado com -error-120]" file="tests/ui/test_ui_wrap.py" line="54" time="0.003" /><testcase classname="tests.ui.test_ui_wrap" name="test_nenhuma_linha_estoura[Album baixado com -error-80]" file="tests/ui/test_ui_wrap.py" line="54" time="0.004" /><testcase classname="tests.ui.test_ui_wrap" name="test_nenhuma_linha_estoura[Album baixado com -error-72]" file="tests/ui/test_ui_wrap.py" line="54" time="0.004" /><testcase classname="tests.ui.test_ui_wrap" name="test_nenhuma_linha_estoura[Album baixado com -error-60]" file="tests/ui/test_ui_wrap.py" line="54" time="0.003" /><testcase classname="tests.ui.test_ui_wrap" name="test_nenhuma_linha_estoura[Album baixado com -error-50]" file="tests/ui/test_ui_wrap.py" line="54" time="0.004" /><testcase classname="tests.ui.test_ui_wrap" name="test_nenhuma_linha_estoura[Album baixado com -error-40]" file="tests/ui/test_ui_wrap.py" line="54" time="0.004" /><testcase classname="tests.ui.test_ui_wrap" name="test_nenhuma_linha_estoura[Album baixado com -error-32]" file="tests/ui/test_ui_wrap.py" line="54" time="0.003" /><testcase classname="tests.ui.test_ui_wrap" name="test_nenhuma_linha_estoura[Album baixado com -step-120]" file="tests/ui/test_ui_wrap.py" line="54" time="0.004" /><testcase classname="tests.ui.test_ui_wrap" name="test_nenhuma_linha_estoura[Album baixado com -step-80]" file="tests/ui/test_ui_wrap.py" line="54" time="0.004" /><testcase classname="tests.ui.test_ui_wrap" name="test_nenhuma_linha_estoura[Album baixado com -step-72]" file="tests/ui/test_ui_wrap.py" line="54" time="0.004" /><testcase classname="tests.ui.test_ui_wrap" name="test_nenhuma_linha_estoura[Album baixado com -step-60]" file="tests/ui/test_ui_wrap.py" line="54" time="0.004" /><testcase classname="tests.ui.test_ui_wrap" name="test_nenhuma_linha_estoura[Album baixado com -step-50]" file="tests/ui/test_ui_wrap.py" line="54" time="0.004" /><testcase classname="tests.ui.test_ui_wrap" name="test_nenhuma_linha_estoura[Album baixado com -step-40]" file="tests/ui/test_ui_wrap.py" line="54" time="0.004" /><testcase classname="tests.ui.test_ui_wrap" name="test_nenhuma_linha_estoura[Album baixado com -step-32]" file="tests/ui/test_ui_wrap.py" line="54" time="0.004" /><testcase classname="tests.ui.test_ui_wrap" name="test_nenhuma_linha_estoura[Album baixado com -skip-120]" file="tests/ui/test_ui_wrap.py" line="54" time="0.004" /><testcase classname="tests.ui.test_ui_wrap" name="test_nenhuma_linha_estoura[Album baixado com -skip-80]" file="tests/ui/test_ui_wrap.py" line="54" time="0.003" /><testcase classname="tests.ui.test_ui_wrap" name="test_nenhuma_linha_estoura[Album baixado com -skip-72]" file="tests/ui/test_ui_wrap.py" line="54" time="0.003" /><testcase classname="tests.ui.test_ui_wrap" name="test_nenhuma_linha_estoura[Album baixado com -skip-60]" file="tests/ui/test_ui_wrap.py" line="54" time="0.004" /><testcase classname="tests.ui.test_ui_wrap" name="test_nenhuma_linha_estoura[Album baixado com -skip-50]" file="tests/ui/test_ui_wrap.py" line="54" time="0.004" /><testcase classname="tests.ui.test_ui_wrap" name="test_nenhuma_linha_estoura[Album baixado com -skip-40]" file="tests/ui/test_ui_wrap.py" line="54" time="0.004" /><testcase classname="tests.ui.test_ui_wrap" name="test_nenhuma_linha_estoura[Album baixado com -skip-32]" file="tests/ui/test_ui_wrap.py" line="54" time="0.004" /><testcase classname="tests.ui.test_ui_wrap" name="test_nenhuma_linha_estoura[Falha ao autentica-ok-120]" file="tests/ui/test_ui_wrap.py" line="54" time="0.004" /><testcase classname="tests.ui.test_ui_wrap" name="test_nenhuma_linha_estoura[Falha ao autentica-ok-80]" file="tests/ui/test_ui_wrap.py" line="54" time="0.004" /><testcase classname="tests.ui.test_ui_wrap" name="test_nenhuma_linha_estoura[Falha ao autentica-ok-72]" file="tests/ui/test_ui_wrap.py" line="54" time="0.004" /><testcase classname="tests.ui.test_ui_wrap" name="test_nenhuma_linha_estoura[Falha ao autentica-ok-60]" file="tests/ui/test_ui_wrap.py" line="54" time="0.004" /><testcase classname="tests.ui.test_ui_wrap" name="test_nenhuma_linha_estoura[Falha ao autentica-ok-50]" file="tests/ui/test_ui_wrap.py" line="54" time="0.004" /><testcase classname="tests.ui.test_ui_wrap" name="test_nenhuma_linha_estoura[Falha ao autentica-ok-40]" file="tests/ui/test_ui_wrap.py" line="54" time="0.004" /><testcase classname="tests.ui.test_ui_wrap" name="test_nenhuma_linha_estoura[Falha ao autentica-ok-32]" file="tests/ui/test_ui_wrap.py" line="54" time="0.004" /><testcase classname="tests.ui.test_ui_wrap" name="test_nenhuma_linha_estoura[Falha ao autentica-warn-120]" file="tests/ui/test_ui_wrap.py" line="54" time="0.003" /><testcase classname="tests.ui.test_ui_wrap" name="test_nenhuma_linha_estoura[Falha ao autentica-warn-80]" file="tests/ui/test_ui_wrap.py" line="54" time="0.004" /><testcase classname="tests.ui.test_ui_wrap" name="test_nenhuma_linha_estoura[Falha ao autentica-warn-72]" file="tests/ui/test_ui_wrap.py" line="54" time="0.004" /><testcase classname="tests.ui.test_ui_wrap" name="test_nenhuma_linha_estoura[Falha ao autentica-warn-60]" file="tests/ui/test_ui_wrap.py" line="54" time="0.003" /><testcase classname="tests.ui.test_ui_wrap" name="test_nenhuma_linha_estoura[Falha ao autentica-warn-50]" file="tests/ui/test_ui_wrap.py" line="54" time="0.004" /><testcase classname="tests.ui.test_ui_wrap" name="test_nenhuma_linha_estoura[Falha ao autentica-warn-40]" file="tests/ui/test_ui_wrap.py" line="54" time="0.004" /><testcase classname="tests.ui.test_ui_wrap" name="test_nenhuma_linha_estoura[Falha ao autentica-warn-32]" file="tests/ui/test_ui_wrap.py" line="54" time="0.003" /><testcase classname="tests.ui.test_ui_wrap" name="test_nenhuma_linha_estoura[Falha ao autentica-error-120]" file="tests/ui/test_ui_wrap.py" line="54" time="0.004" /><testcase classname="tests.ui.test_ui_wrap" name="test_nenhuma_linha_estoura[Falha ao autentica-error-80]" file="tests/ui/test_ui_wrap.py" line="54" time="0.004" /><testcase classname="tests.ui.test_ui_wrap" name="test_nenhuma_linha_estoura[Falha ao autentica-error-72]" file="tests/ui/test_ui_wrap.py" line="54" time="0.003" /><testcase classname="tests.ui.test_ui_wrap" name="test_nenhuma_linha_estoura[Falha ao autentica-error-60]" file="tests/ui/test_ui_wrap.py" line="54" time="0.004" /><testcase classname="tests.ui.test_ui_wrap" name="test_nenhuma_linha_estoura[Falha ao autentica-error-50]" file="tests/ui/test_ui_wrap.py" line="54" time="0.004" /><testcase classname="tests.ui.test_ui_wrap" name="test_nenhuma_linha_estoura[Falha ao autentica-error-40]" file="tests/ui/test_ui_wrap.py" line="54" time="0.004" /><testcase classname="tests.ui.test_ui_wrap" name="test_nenhuma_linha_estoura[Falha ao autentica-error-32]" file="tests/ui/test_ui_wrap.py" line="54" time="0.004" /><testcase classname="tests.ui.test_ui_wrap" name="test_nenhuma_linha_estoura[Falha ao autentica-step-120]" file="tests/ui/test_ui_wrap.py" line="54" time="0.004" /><testcase classname="tests.ui.test_ui_wrap" name="test_nenhuma_linha_estoura[Falha ao autentica-step-80]" file="tests/ui/test_ui_wrap.py" line="54" time="0.004" /><testcase classname="tests.ui.test_ui_wrap" name="test_nenhuma_linha_estoura[Falha ao autentica-step-72]" file="tests/ui/test_ui_wrap.py" line="54" time="0.004" /><testcase classname="tests.ui.test_ui_wrap" name="test_nenhuma_linha_estoura[Falha ao autentica-step-60]" file="tests/ui/test_ui_wrap.py" line="54" time="0.004" /><testcase classname="tests.ui.test_ui_wrap" name="test_nenhuma_linha_estoura[Falha ao autentica-step-50]" file="tests/ui/test_ui_wrap.py" line="54" time="0.004" /><testcase classname="tests.ui.test_ui_wrap" name="test_nenhuma_linha_estoura[Falha ao autentica-step-40]" file="tests/ui/test_ui_wrap.py" line="54" time="0.003" /><testcase classname="tests.ui.test_ui_wrap" name="test_nenhuma_linha_estoura[Falha ao autentica-step-32]" file="tests/ui/test_ui_wrap.py" line="54" time="0.004" /><testcase classname="tests.ui.test_ui_wrap" name="test_nenhuma_linha_estoura[Falha ao autentica-skip-120]" file="tests/ui/test_ui_wrap.py" line="54" time="0.004" /><testcase classname="tests.ui.test_ui_wrap" name="test_nenhuma_linha_estoura[Falha ao autentica-skip-80]" file="tests/ui/test_ui_wrap.py" line="54" time="0.004" /><testcase classname="tests.ui.test_ui_wrap" name="test_nenhuma_linha_estoura[Falha ao autentica-skip-72]" file="tests/ui/test_ui_wrap.py" line="54" time="0.004" /><testcase classname="tests.ui.test_ui_wrap" name="test_nenhuma_linha_estoura[Falha ao autentica-skip-60]" file="tests/ui/test_ui_wrap.py" line="54" time="0.004" /><testcase classname="tests.ui.test_ui_wrap" name="test_nenhuma_linha_estoura[Falha ao autentica-skip-50]" file="tests/ui/test_ui_wrap.py" line="54" time="0.004" /><testcase classname="tests.ui.test_ui_wrap" name="test_nenhuma_linha_estoura[Falha ao autentica-skip-40]" file="tests/ui/test_ui_wrap.py" line="54" time="0.004" /><testcase classname="tests.ui.test_ui_wrap" name="test_nenhuma_linha_estoura[Falha ao autentica-skip-32]" file="tests/ui/test_ui_wrap.py" line="54" time="0.004" /><testcase classname="tests.ui.test_ui_wrap" name="test_nenhuma_linha_estoura[curta-ok-120]" file="tests/ui/test_ui_wrap.py" line="54" time="0.003" /><testcase classname="tests.ui.test_ui_wrap" name="test_nenhuma_linha_estoura[curta-ok-80]" file="tests/ui/test_ui_wrap.py" line="54" time="0.004" /><testcase classname="tests.ui.test_ui_wrap" name="test_nenhuma_linha_estoura[curta-ok-72]" file="tests/ui/test_ui_wrap.py" line="54" time="0.004" /><testcase classname="tests.ui.test_ui_wrap" name="test_nenhuma_linha_estoura[curta-ok-60]" file="tests/ui/test_ui_wrap.py" line="54" time="0.003" /><testcase classname="tests.ui.test_ui_wrap" name="test_nenhuma_linha_estoura[curta-ok-50]" file="tests/ui/test_ui_wrap.py" line="54" time="0.004" /><testcase classname="tests.ui.test_ui_wrap" name="test_nenhuma_linha_estoura[curta-ok-40]" file="tests/ui/test_ui_wrap.py" line="54" time="0.004" /><testcase classname="tests.ui.test_ui_wrap" name="test_nenhuma_linha_estoura[curta-ok-32]" file="tests/ui/test_ui_wrap.py" line="54" time="0.003" /><testcase classname="tests.ui.test_ui_wrap" name="test_nenhuma_linha_estoura[curta-warn-120]" file="tests/ui/test_ui_wrap.py" line="54" time="0.003" /><testcase classname="tests.ui.test_ui_wrap" name="test_nenhuma_linha_estoura[curta-warn-80]" file="tests/ui/test_ui_wrap.py" line="54" time="0.004" /><testcase classname="tests.ui.test_ui_wrap" name="test_nenhuma_linha_estoura[curta-warn-72]" file="tests/ui/test_ui_wrap.py" line="54" time="0.004" /><testcase classname="tests.ui.test_ui_wrap" name="test_nenhuma_linha_estoura[curta-warn-60]" file="tests/ui/test_ui_wrap.py" line="54" time="0.003" /><testcase classname="tests.ui.test_ui_wrap" name="test_nenhuma_linha_estoura[curta-warn-50]" file="tests/ui/test_ui_wrap.py" line="54" time="0.004" /><testcase classname="tests.ui.test_ui_wrap" name="test_nenhuma_linha_estoura[curta-warn-40]" file="tests/ui/test_ui_wrap.py" line="54" time="0.004" /><testcase classname="tests.ui.test_ui_wrap" name="test_nenhuma_linha_estoura[curta-warn-32]" file="tests/ui/test_ui_wrap.py" line="54" time="0.004" /><testcase classname="tests.ui.test_ui_wrap" name="test_nenhuma_linha_estoura[curta-error-120]" file="tests/ui/test_ui_wrap.py" line="54" time="0.004" /><testcase classname="tests.ui.test_ui_wrap" name="test_nenhuma_linha_estoura[curta-error-80]" file="tests/ui/test_ui_wrap.py" line="54" time="0.004" /><testcase classname="tests.ui.test_ui_wrap" name="test_nenhuma_linha_estoura[curta-error-72]" file="tests/ui/test_ui_wrap.py" line="54" time="0.003" /><testcase classname="tests.ui.test_ui_wrap" name="test_nenhuma_linha_estoura[curta-error-60]" file="tests/ui/test_ui_wrap.py" line="54" time="0.004" /><testcase classname="tests.ui.test_ui_wrap" name="test_nenhuma_linha_estoura[curta-error-50]" file="tests/ui/test_ui_wrap.py" line="54" time="0.004" /><testcase classname="tests.ui.test_ui_wrap" name="test_nenhuma_linha_estoura[curta-error-40]" file="tests/ui/test_ui_wrap.py" line="54" time="0.004" /><testcase classname="tests.ui.test_ui_wrap" name="test_nenhuma_linha_estoura[curta-error-32]" file="tests/ui/test_ui_wrap.py" line="54" time="0.004" /><testcase classname="tests.ui.test_ui_wrap" name="test_nenhuma_linha_estoura[curta-step-120]" file="tests/ui/test_ui_wrap.py" line="54" time="0.004" /><testcase classname="tests.ui.test_ui_wrap" name="test_nenhuma_linha_estoura[curta-step-80]" file="tests/ui/test_ui_wrap.py" line="54" time="0.003" /><testcase classname="tests.ui.test_ui_wrap" name="test_nenhuma_linha_estoura[curta-step-72]" file="tests/ui/test_ui_wrap.py" line="54" time="0.004" /><testcase classname="tests.ui.test_ui_wrap" name="test_nenhuma_linha_estoura[curta-step-60]" file="tests/ui/test_ui_wrap.py" line="54" time="0.004" /><testcase classname="tests.ui.test_ui_wrap" name="test_nenhuma_linha_estoura[curta-step-50]" file="tests/ui/test_ui_wrap.py" line="54" time="0.003" /><testcase classname="tests.ui.test_ui_wrap" name="test_nenhuma_linha_estoura[curta-step-40]" file="tests/ui/test_ui_wrap.py" line="54" time="0.004" /><testcase classname="tests.ui.test_ui_wrap" name="test_nenhuma_linha_estoura[curta-step-32]" file="tests/ui/test_ui_wrap.py" line="54" time="0.004" /><testcase classname="tests.ui.test_ui_wrap" name="test_nenhuma_linha_estoura[curta-skip-120]" file="tests/ui/test_ui_wrap.py" line="54" time="0.003" /><testcase classname="tests.ui.test_ui_wrap" name="test_nenhuma_linha_estoura[curta-skip-80]" file="tests/ui/test_ui_wrap.py" line="54" time="0.004" /><testcase classname="tests.ui.test_ui_wrap" name="test_nenhuma_linha_estoura[curta-skip-72]" file="tests/ui/test_ui_wrap.py" line="54" time="0.004" /><testcase classname="tests.ui.test_ui_wrap" name="test_nenhuma_linha_estoura[curta-skip-60]" file="tests/ui/test_ui_wrap.py" line="54" time="0.004" /><testcase classname="tests.ui.test_ui_wrap" name="test_nenhuma_linha_estoura[curta-skip-50]" file="tests/ui/test_ui_wrap.py" line="54" time="0.003" /><testcase classname="tests.ui.test_ui_wrap" name="test_nenhuma_linha_estoura[curta-skip-40]" file="tests/ui/test_ui_wrap.py" line="54" time="0.004" /><testcase classname="tests.ui.test_ui_wrap" name="test_nenhuma_linha_estoura[curta-skip-32]" file="tests/ui/test_ui_wrap.py" line="54" time="0.004" /><testcase classname="tests.ui.test_ui_wrap" name="test_nenhuma_linha_estoura[palavra-unica-muit-ok-120]" file="tests/ui/test_ui_wrap.py" line="54" time="0.004" /><testcase classname="tests.ui.test_ui_wrap" name="test_nenhuma_linha_estoura[palavra-unica-muit-ok-80]" file="tests/ui/test_ui_wrap.py" line="54" time="0.004" /><testcase classname="tests.ui.test_ui_wrap" name="test_nenhuma_linha_estoura[palavra-unica-muit-ok-72]" file="tests/ui/test_ui_wrap.py" line="54" time="0.004" /><testcase classname="tests.ui.test_ui_wrap" name="test_nenhuma_linha_estoura[palavra-unica-muit-ok-60]" file="tests/ui/test_ui_wrap.py" line="54" time="0.004" /><testcase classname="tests.ui.test_ui_wrap" name="test_nenhuma_linha_estoura[palavra-unica-muit-ok-50]" file="tests/ui/test_ui_wrap.py" line="54" time="0.004" /><testcase classname="tests.ui.test_ui_wrap" name="test_nenhuma_linha_estoura[palavra-unica-muit-ok-40]" file="tests/ui/test_ui_wrap.py" line="54" time="0.004" /><testcase classname="tests.ui.test_ui_wrap" name="test_nenhuma_linha_estoura[palavra-unica-muit-ok-32]" file="tests/ui/test_ui_wrap.py" line="54" time="0.004" /><testcase classname="tests.ui.test_ui_wrap" name="test_nenhuma_linha_estoura[palavra-unica-muit-warn-120]" file="tests/ui/test_ui_wrap.py" line="54" time="0.004" /><testcase classname="tests.ui.test_ui_wrap" name="test_nenhuma_linha_estoura[palavra-unica-muit-warn-80]" file="tests/ui/test_ui_wrap.py" line="54" time="0.004" /><testcase classname="tests.ui.test_ui_wrap" name="test_nenhuma_linha_estoura[palavra-unica-muit-warn-72]" file="tests/ui/test_ui_wrap.py" line="54" time="0.004" /><testcase classname="tests.ui.test_ui_wrap" name="test_nenhuma_linha_estoura[palavra-unica-muit-warn-60]" file="tests/ui/test_ui_wrap.py" line="54" time="0.004" /><testcase classname="tests.ui.test_ui_wrap" name="test_nenhuma_linha_estoura[palavra-unica-muit-warn-50]" file="tests/ui/test_ui_wrap.py" line="54" time="0.004" /><testcase classname="tests.ui.test_ui_wrap" name="test_nenhuma_linha_estoura[palavra-unica-muit-warn-40]" file="tests/ui/test_ui_wrap.py" line="54" time="0.004" /><testcase classname="tests.ui.test_ui_wrap" name="test_nenhuma_linha_estoura[palavra-unica-muit-warn-32]" file="tests/ui/test_ui_wrap.py" line="54" time="0.004" /><testcase classname="tests.ui.test_ui_wrap" name="test_nenhuma_linha_estoura[palavra-unica-muit-error-120]" file="tests/ui/test_ui_wrap.py" line="54" time="0.004" /><testcase classname="tests.ui.test_ui_wrap" name="test_nenhuma_linha_estoura[palavra-unica-muit-error-80]" file="tests/ui/test_ui_wrap.py" line="54" time="0.003" /><testcase classname="tests.ui.test_ui_wrap" name="test_nenhuma_linha_estoura[palavra-unica-muit-error-72]" file="tests/ui/test_ui_wrap.py" line="54" time="0.004" /><testcase classname="tests.ui.test_ui_wrap" name="test_nenhuma_linha_estoura[palavra-unica-muit-error-60]" file="tests/ui/test_ui_wrap.py" line="54" time="0.004" /><testcase classname="tests.ui.test_ui_wrap" name="test_nenhuma_linha_estoura[palavra-unica-muit-error-50]" file="tests/ui/test_ui_wrap.py" line="54" time="0.004" /><testcase classname="tests.ui.test_ui_wrap" name="test_nenhuma_linha_estoura[palavra-unica-muit-error-40]" file="tests/ui/test_ui_wrap.py" line="54" time="0.004" /><testcase classname="tests.ui.test_ui_wrap" name="test_nenhuma_linha_estoura[palavra-unica-muit-error-32]" file="tests/ui/test_ui_wrap.py" line="54" time="0.004" /><testcase classname="tests.ui.test_ui_wrap" name="test_nenhuma_linha_estoura[palavra-unica-muit-step-120]" file="tests/ui/test_ui_wrap.py" line="54" time="0.004" /><testcase classname="tests.ui.test_ui_wrap" name="test_nenhuma_linha_estoura[palavra-unica-muit-step-80]" file="tests/ui/test_ui_wrap.py" line="54" time="0.004" /><testcase classname="tests.ui.test_ui_wrap" name="test_nenhuma_linha_estoura[palavra-unica-muit-step-72]" file="tests/ui/test_ui_wrap.py" line="54" time="0.004" /><testcase classname="tests.ui.test_ui_wrap" name="test_nenhuma_linha_estoura[palavra-unica-muit-step-60]" file="tests/ui/test_ui_wrap.py" line="54" time="0.004" /><testcase classname="tests.ui.test_ui_wrap" name="test_nenhuma_linha_estoura[palavra-unica-muit-step-50]" file="tests/ui/test_ui_wrap.py" line="54" time="0.004" /><testcase classname="tests.ui.test_ui_wrap" name="test_nenhuma_linha_estoura[palavra-unica-muit-step-40]" file="tests/ui/test_ui_wrap.py" line="54" time="0.004" /><testcase classname="tests.ui.test_ui_wrap" name="test_nenhuma_linha_estoura[palavra-unica-muit-step-32]" file="tests/ui/test_ui_wrap.py" line="54" time="0.004" /><testcase classname="tests.ui.test_ui_wrap" name="test_nenhuma_linha_estoura[palavra-unica-muit-skip-120]" file="tests/ui/test_ui_wrap.py" line="54" time="0.004" /><testcase classname="tests.ui.test_ui_wrap" name="test_nenhuma_linha_estoura[palavra-unica-muit-skip-80]" file="tests/ui/test_ui_wrap.py" line="54" time="0.004" /><testcase classname="tests.ui.test_ui_wrap" name="test_nenhuma_linha_estoura[palavra-unica-muit-skip-72]" file="tests/ui/test_ui_wrap.py" line="54" time="0.003" /><testcase classname="tests.ui.test_ui_wrap" name="test_nenhuma_linha_estoura[palavra-unica-muit-skip-60]" file="tests/ui/test_ui_wrap.py" line="54" time="0.004" /><testcase classname="tests.ui.test_ui_wrap" name="test_nenhuma_linha_estoura[palavra-unica-muit-skip-50]" file="tests/ui/test_ui_wrap.py" line="54" time="0.004" /><testcase classname="tests.ui.test_ui_wrap" name="test_nenhuma_linha_estoura[palavra-unica-muit-skip-40]" file="tests/ui/test_ui_wrap.py" line="54" time="0.003" /><testcase classname="tests.ui.test_ui_wrap" name="test_nenhuma_linha_estoura[palavra-unica-muit-skip-32]" file="tests/ui/test_ui_wrap.py" line="54" time="0.004" /><testcase classname="tests.ui.test_ui_wrap" name="test_a_tag_aparece_uma_vez_so[ok]" file="tests/ui/test_ui_wrap.py" line="83" time="0.004" /><testcase classname="tests.ui.test_ui_wrap" name="test_a_tag_aparece_uma_vez_so[warn]" file="tests/ui/test_ui_wrap.py" line="83" time="0.003" /><testcase classname="tests.ui.test_ui_wrap" name="test_a_tag_aparece_uma_vez_so[error]" file="tests/ui/test_ui_wrap.py" line="83" time="0.003" /><testcase classname="tests.ui.test_ui_wrap" name="test_a_tag_aparece_uma_vez_so[step]" file="tests/ui/test_ui_wrap.py" line="83" time="0.004" /><testcase classname="tests.ui.test_ui_wrap" name="test_a_tag_aparece_uma_vez_so[skip]" file="tests/ui/test_ui_wrap.py" line="83" time="0.004" /><testcase classname="tests.ui.test_ui_wrap" name="test_continuacao_alinha_sob_o_texto[ok]" file="tests/ui/test_ui_wrap.py" line="100" time="0.003" /><testcase classname="tests.ui.test_ui_wrap" name="test_continuacao_alinha_sob_o_texto[warn]" file="tests/ui/test_ui_wrap.py" line="100" time="0.003" /><testcase classname="tests.ui.test_ui_wrap" name="test_continuacao_alinha_sob_o_texto[error]" file="tests/ui/test_ui_wrap.py" line="100" time="0.003" /><testcase classname="tests.ui.test_ui_wrap" name="test_continuacao_alinha_sob_o_texto[step]" file="tests/ui/test_ui_wrap.py" line="100" time="0.003" /><testcase classname="tests.ui.test_ui_wrap" name="test_continuacao_alinha_sob_o_texto[skip]" file="tests/ui/test_ui_wrap.py" line="100" time="0.003" /><testcase classname="tests.ui.test_ui_wrap" name="test_nenhuma_palavra_e_cortada_ao_meio[ok]" file="tests/ui/test_ui_wrap.py" line="118" time="0.004" /><testcase classname="tests.ui.test_ui_wrap" name="test_nenhuma_palavra_e_cortada_ao_meio[warn]" file="tests/ui/test_ui_wrap.py" line="118" time="0.003" /><testcase classname="tests.ui.test_ui_wrap" name="test_nenhuma_palavra_e_cortada_ao_meio[error]" file="tests/ui/test_ui_wrap.py" line="118" time="0.003" /><testcase classname="tests.ui.test_ui_wrap" name="test_nenhuma_palavra_e_cortada_ao_meio[step]" file="tests/ui/test_ui_wrap.py" line="118" time="0.004" /><testcase classname="tests.ui.test_ui_wrap" name="test_nenhuma_palavra_e_cortada_ao_meio[skip]" file="tests/ui/test_ui_wrap.py" line="118" time="0.003" /><testcase classname="tests.ui.test_ui_wrap" name="test_mensagem_curta_nao_ganha_linha_extra" file="tests/ui/test_ui_wrap.py" line="139" time="0.002" /><testcase classname="tests.ui.test_ui_wrap" name="test_primeira_linha_tem_tag[ok]" file="tests/ui/test_ui_wrap.py" line="152" time="0.003" /><testcase classname="tests.ui.test_ui_wrap" name="test_primeira_linha_tem_tag[warn]" file="tests/ui/test_ui_wrap.py" line="152" time="0.004" /><testcase classname="tests.ui.test_ui_wrap" name="test_primeira_linha_tem_tag[error]" file="tests/ui/test_ui_wrap.py" line="152" time="0.003" /><testcase classname="tests.ui.test_ui_wrap" name="test_primeira_linha_tem_tag[step]" file="tests/ui/test_ui_wrap.py" line="152" time="0.003" /><testcase classname="tests.ui.test_ui_wrap" name="test_primeira_linha_tem_tag[skip]" file="tests/ui/test_ui_wrap.py" line="152" time="0.003" /><testcase classname="tests.ui.test_ui_wrap" name="test_mensagem_vazia_nao_estoura" file="tests/ui/test_ui_wrap.py" line="169" time="0.003" /><testcase classname="tests.ui.test_ui_wrap" name="test_terminal_muito_estreito[80]" file="tests/ui/test_ui_wrap.py" line="183" time="0.003" /><testcase classname="tests.ui.test_ui_wrap" name="test_terminal_muito_estreito[40]" file="tests/ui/test_ui_wrap.py" line="183" time="0.003" /><testcase classname="tests.ui.test_ui_wrap" name="test_terminal_muito_estreito[32]" file="tests/ui/test_ui_wrap.py" line="183" time="0.003" /><testcase classname="tests.unit.test_bundle.TestGetAppId" name="test_extrai_app_id_de_9_digitos" file="tests/unit/test_bundle.py" line="26" time="0.002" /><testcase classname="tests.unit.test_bundle.TestGetAppId" name="test_sem_match_lanca_not_implemented_error" file="tests/unit/test_bundle.py" line="34" time="0.002" /><testcase classname="tests.unit.test_bundle.TestGetAppId" name="test_app_id_com_menos_de_9_digitos_nao_casa" file="tests/unit/test_bundle.py" line="40" time="0.002" /><testcase classname="tests.unit.test_bundle.TestGetSecrets" name="test_decodifica_um_secret_de_um_timezone" file="tests/unit/test_bundle.py" line="52" time="0.004" /><testcase classname="tests.unit.test_bundle.TestGetSecrets" name="test_sem_nenhum_initial_seed_devolve_dict_vazio" file="tests/unit/test_bundle.py" line="67" time="0.003" /><testcase classname="tests.unit.test_cli" name="test_config_e_gravado_com_permissao_restrita" file="tests/unit/test_cli.py" line="43" time="0.005" /><testcase classname="tests.unit.test_cli" name="test_exibicao_da_configuracao_oculta_segredos" file="tests/unit/test_cli.py" line="55" time="0.002" /><testcase classname="tests.unit.test_cli" name="test_exibicao_preserva_e_redige_secao_default" file="tests/unit/test_cli.py" line="73" time="0.002" /><testcase classname="tests.unit.test_cli.TestGarantirAssinaturaAtiva" name="test_assinatura_ja_ativa_retorna_true_sem_perguntar_nada" file="tests/unit/test_cli.py" line="154" time="0.005" /><testcase classname="tests.unit.test_cli.TestGarantirAssinaturaAtiva" name="test_assinatura_inativa_exibe_status_sem_quebrar_e_aceita_cancelar" file="tests/unit/test_cli.py" line="166" time="0.004" /><testcase classname="tests.unit.test_cli.TestGarantirAssinaturaAtiva" name="test_campos_ausentes_caem_no_fallback_na_para_todos_os_dados" file="tests/unit/test_cli.py" line="193" time="0.004" /><testcase classname="tests.unit.test_cli.TestGarantirAssinaturaAtiva" name="test_usuario_atualiza_credenciais_e_conta_fica_ativa_sai_do_laco" file="tests/unit/test_cli.py" line="210" time="0.005" /><testcase classname="tests.unit.test_cli.TestGarantirAssinaturaAtiva" name="test_falha_ao_reinicializar_client_continua_no_laco_sem_crash" file="tests/unit/test_cli.py" line="235" time="0.005" /><testcase classname="tests.unit.test_cli.TestAuthCommandExibicao" name="test_assinatura_ativa_com_campos_ausentes_nao_quebra" file="tests/unit/test_cli.py" line="333" time="0.015" /><testcase classname="tests.unit.test_cli.TestAuthCommandExibicao" name="test_assinatura_inativa_pergunta_e_usuario_recusa_trocar" file="tests/unit/test_cli.py" line="356" time="0.009" /><testcase classname="tests.unit.test_cli_commands.TestCLIBasicCommands" name="test_cli_help" file="tests/unit/test_cli_commands.py" line="19" time="0.022" /><testcase classname="tests.unit.test_cli_commands.TestCLIBasicCommands" name="test_cli_version" file="tests/unit/test_cli_commands.py" line="47" time="0.031" /><testcase classname="tests.unit.test_cli_commands.TestCLIBasicCommands" name="test_invalid_command" file="tests/unit/test_cli_commands.py" line="70" time="0.018" /><testcase classname="tests.unit.test_cli_commands.TestCLIArgumentValidation" name="test_missing_required_arguments" file="tests/unit/test_cli_commands.py" line="102" time="0.004" /><testcase classname="tests.unit.test_cli_commands.TestCLIArgumentValidation" name="test_url_argument_parsing" file="tests/unit/test_cli_commands.py" line="120" time="0.004" /><testcase classname="tests.unit.test_cli_commands.TestCLIErrorHandling" name="test_config_file_not_found" file="tests/unit/test_cli_commands.py" line="140" time="0.004" /><testcase classname="tests.unit.test_cli_commands.TestCLIErrorHandling" name="test_invalid_output_path" file="tests/unit/test_cli_commands.py" line="155" time="0.005" /><testcase classname="tests.unit.test_cli_commands.TestCLIConfigHandling" name="test_config_directory_creation" file="tests/unit/test_cli_commands.py" line="186" time="0.003" /><testcase classname="tests.unit.test_cli_commands.TestCLIConfigHandling" name="test_config_file_loading" file="tests/unit/test_cli_commands.py" line="211" time="0.004" /><testcase classname="tests.unit.test_color.TestDetectColorCapability" name="test_no_color_env_desliga_mesmo_com_tty" file="tests/unit/test_color.py" line="43" time="0.002" /><testcase classname="tests.unit.test_color.TestDetectColorCapability" name="test_flag_no_color_no_argv_desliga" file="tests/unit/test_color.py" line="50" time="0.002" /><testcase classname="tests.unit.test_color.TestDetectColorCapability" name="test_force_color_liga_mesmo_sem_tty" file="tests/unit/test_color.py" line="55" time="0.002" /><testcase classname="tests.unit.test_color.TestDetectColorCapability" name="test_term_dumb_desliga_fora_do_windows" file="tests/unit/test_color.py" line="62" time="0.002" /><testcase classname="tests.unit.test_color.TestDetectColorCapability" name="test_sem_term_definido_tambem_desliga" file="tests/unit/test_color.py" line="70" time="0.002" /><testcase classname="tests.unit.test_color.TestDetectColorCapability" name="test_tty_de_verdade_liga_a_cor" file="tests/unit/test_color.py" line="82" time="0.002" /><testcase classname="tests.unit.test_color.TestDetectColorCapability" name="test_isatty_que_explode_nao_derruba_o_programa" file="tests/unit/test_color.py" line="90" time="0.002" /><testcase classname="tests.unit.test_color.TestDarken" name="test_fator_padrao_reduz_proporcionalmente" file="tests/unit/test_color.py" line="110" time="0.002" /><testcase classname="tests.unit.test_color.TestDarken" name="test_nunca_passa_de_255_nem_fica_negativo" file="tests/unit/test_color.py" line="113" time="0.005" /><testcase classname="tests.unit.test_color.TestDarken" name="test_preto_continua_preto" file="tests/unit/test_color.py" line="119" time="0.002" /><testcase classname="tests.unit.test_color.TestLoadAccentRgb" name="test_sem_config_cai_pro_default" file="tests/unit/test_color.py" line="133" time="0.004" /><testcase classname="tests.unit.test_color.TestLoadAccentRgb" name="test_accent_valido_e_lido" file="tests/unit/test_color.py" line="137" time="0.005" /><testcase classname="tests.unit.test_color.TestLoadAccentRgb" name="test_accent_ausente_na_secao_cai_pro_default" file="tests/unit/test_color.py" line="143" time="0.004" /><testcase classname="tests.unit.test_color.TestLoadAccentRgb" name="test_accent_invalido_nao_derruba_e_cai_pro_default[lixo]" file="tests/unit/test_color.py" line="147" time="0.004" /><testcase classname="tests.unit.test_color.TestLoadAccentRgb" name="test_accent_invalido_nao_derruba_e_cai_pro_default[10;20]" file="tests/unit/test_color.py" line="147" time="0.005" /><testcase classname="tests.unit.test_color.TestLoadAccentRgb" name="test_accent_invalido_nao_derruba_e_cai_pro_default[10;20;30;40]" file="tests/unit/test_color.py" line="147" time="0.005" /><testcase classname="tests.unit.test_color.TestLoadAccentRgb" name="test_accent_invalido_nao_derruba_e_cai_pro_default[10;20;300]" file="tests/unit/test_color.py" line="147" time="0.005" /><testcase classname="tests.unit.test_color.TestLoadAccentRgb" name="test_accent_invalido_nao_derruba_e_cai_pro_default[-5;20;30]" file="tests/unit/test_color.py" line="147" time="0.005" /><testcase classname="tests.unit.test_color.TestLoadAccentRgb" name="test_config_ini_corrompido_nao_derruba_e_cai_pro_default" file="tests/unit/test_color.py" line="165" time="0.004" /><testcase classname="tests.unit.test_color.TestAccentPreview" name="test_terminal_estreito_usa_modo_empilhado" file="tests/unit/test_color.py" line="177" time="0.002" /><testcase classname="tests.unit.test_color.TestAccentPreview" name="test_terminal_largo_usa_modo_lado_a_lado" file="tests/unit/test_color.py" line="191" time="0.002" /><testcase classname="tests.unit.test_color.TestAccentPreview" name="test_recuo_nunca_fica_negativo_em_tela_minuscula" file="tests/unit/test_color.py" line="200" time="0.002" /><testcase classname="tests.unit.test_color.TestColorOnRegressao" name="test_no_color_zera_as_constantes_de_cor" file="tests/unit/test_color.py" line="237" time="0.005" /><testcase classname="tests.unit.test_color.TestColorOnRegressao" name="test_off_e_reset_all_no_e_dim" file="tests/unit/test_color.py" line="249" time="0.005" /><testcase classname="tests.unit.test_commands.TestDefaultDownloadFolder" name="test_sem_variavel_de_ambiente_usa_pasta_relativa" file="tests/unit/test_commands.py" line="23" time="0.002" /><testcase classname="tests.unit.test_commands.TestDefaultDownloadFolder" name="test_com_variavel_ios_junta_o_caminho" file="tests/unit/test_commands.py" line="27" time="0.002" /><testcase classname="tests.unit.test_commands.TestCustomHelpFormatter" name="test_usa_a_largura_do_terminal_quando_disponivel" file="tests/unit/test_commands.py" line="38" time="0.002" /><testcase classname="tests.unit.test_commands.TestCustomHelpFormatter" name="test_cai_pro_fallback_100_se_get_terminal_size_falhar" file="tests/unit/test_commands.py" line="55" time="0.002" /><testcase classname="tests.unit.test_commands.TestParserPrincipal" name="test_todos_os_subcomandos_esperados_existem" file="tests/unit/test_commands.py" line="81" time="0.045" /><testcase classname="tests.unit.test_commands.TestParserPrincipal" name="test_flags_de_nivel_superior_existem" file="tests/unit/test_commands.py" line="103" time="0.014" /><testcase classname="tests.unit.test_commands.TestParserPrincipal" name="test_sync_db_aceita_valor_opcional_com_default_const" file="tests/unit/test_commands.py" line="108" time="0.015" /><testcase classname="tests.unit.test_commands.TestParserPrincipal" name="test_sem_nenhum_comando_nao_lanca_e_command_fica_none" file="tests/unit/test_commands.py" line="121" time="0.014" /><testcase classname="tests.unit.test_commands.TestAliasesDeSubcomando" name="test_aliases_do_interactive[interactive]" file="tests/unit/test_commands.py" line="127" time="0.015" /><testcase classname="tests.unit.test_commands.TestAliasesDeSubcomando" name="test_aliases_do_interactive[i]" file="tests/unit/test_commands.py" line="127" time="0.017" /><testcase classname="tests.unit.test_commands.TestAliasesDeSubcomando" name="test_aliases_do_interactive[fun]" file="tests/unit/test_commands.py" line="127" time="0.016" /><testcase classname="tests.unit.test_commands.TestAliasesDeSubcomando" name="test_aliases_do_auth[auth]" file="tests/unit/test_commands.py" line="132" time="0.016" /><testcase classname="tests.unit.test_commands.TestAliasesDeSubcomando" name="test_aliases_do_auth[login]" file="tests/unit/test_commands.py" line="132" time="0.017" /><testcase classname="tests.unit.test_commands.TestAliasesDeSubcomando" name="test_aliases_do_user[user]" file="tests/unit/test_commands.py" line="137" time="0.014" /><testcase classname="tests.unit.test_commands.TestAliasesDeSubcomando" name="test_aliases_do_user[account]" file="tests/unit/test_commands.py" line="137" time="0.017" /><testcase classname="tests.unit.test_commands.TestAliasesDeSubcomando" name="test_aliases_do_user[profile]" file="tests/unit/test_commands.py" line="137" time="0.016" /><testcase classname="tests.unit.test_commands.TestAliasesDeSubcomando" name="test_aliases_do_user[me]" file="tests/unit/test_commands.py" line="137" time="0.016" /><testcase classname="tests.unit.test_commands.TestAliasesDeSubcomando" name="test_aliases_do_user[info]" file="tests/unit/test_commands.py" line="137" time="0.017" /><testcase classname="tests.unit.test_commands.TestSubcomandoDl" name="test_source_e_obrigatorio" file="tests/unit/test_commands.py" line="144" time="0.017" /><testcase classname="tests.unit.test_commands.TestSubcomandoDl" name="test_aceita_multiplas_urls" file="tests/unit/test_commands.py" line="148" time="0.017" /><testcase classname="tests.unit.test_commands.TestSubcomandoDl" name="test_defaults_das_flags_booleanas" file="tests/unit/test_commands.py" line="152" time="0.017" /><testcase classname="tests.unit.test_commands.TestSubcomandoDl" name="test_flags_booleanas_ligam_com_store_true" file="tests/unit/test_commands.py" line="161" time="0.016" /><testcase classname="tests.unit.test_commands.TestSubcomandoStats" name="test_default_artistas_e_false" file="tests/unit/test_commands.py" line="169" time="0.015" /><testcase classname="tests.unit.test_commands.TestSubcomandoStats" name="test_flag_artistas_liga" file="tests/unit/test_commands.py" line="173" time="0.018" /><testcase classname="tests.unit.test_commands.TestSubcomandoInspect" name="test_caminho_default_e_none" file="tests/unit/test_commands.py" line="179" time="0.016" /><testcase classname="tests.unit.test_commands.TestSubcomandoInspect" name="test_caminho_explicito_e_respeitado" file="tests/unit/test_commands.py" line="187" time="0.015" /><testcase classname="tests.unit.test_commands.TestSubcomandoUser" name="test_default_json_e_false" file="tests/unit/test_commands.py" line="193" time="0.015" /><testcase classname="tests.unit.test_commands.TestSubcomandoUser" name="test_flag_json_liga" file="tests/unit/test_commands.py" line="197" time="0.015" /><testcase classname="tests.unit.test_commands.TestDistribuicaoDeFlagsComuns" name="test_subcomandos_com_add_common_arg_tem_quality[interactive-args_extra0]" file="tests/unit/test_commands.py" line="208" time="0.016" /><testcase classname="tests.unit.test_commands.TestDistribuicaoDeFlagsComuns" name="test_subcomandos_com_add_common_arg_tem_quality[dl-args_extra1]" file="tests/unit/test_commands.py" line="208" time="0.017" /><testcase classname="tests.unit.test_commands.TestDistribuicaoDeFlagsComuns" name="test_subcomandos_com_add_common_arg_tem_quality[lucky-args_extra2]" file="tests/unit/test_commands.py" line="208" time="0.016" /><testcase classname="tests.unit.test_commands.TestDistribuicaoDeFlagsComuns" name="test_subcomandos_com_add_common_arg_tem_quality[sync-playlist-args_extra3]" file="tests/unit/test_commands.py" line="208" time="0.017" /><testcase classname="tests.unit.test_commands.TestDistribuicaoDeFlagsComuns" name="test_subcomandos_sem_add_common_arg_nao_tem_quality[auth-args_extra0]" file="tests/unit/test_commands.py" line="223" time="0.017" /><testcase classname="tests.unit.test_commands.TestDistribuicaoDeFlagsComuns" name="test_subcomandos_sem_add_common_arg_nao_tem_quality[user-args_extra1]" file="tests/unit/test_commands.py" line="223" time="0.016" /><testcase classname="tests.unit.test_commands.TestDistribuicaoDeFlagsComuns" name="test_subcomandos_sem_add_common_arg_nao_tem_quality[stats-args_extra2]" file="tests/unit/test_commands.py" line="223" time="0.016" /><testcase classname="tests.unit.test_commands.TestDistribuicaoDeFlagsComuns" name="test_subcomandos_sem_add_common_arg_nao_tem_quality[inspect-args_extra3]" file="tests/unit/test_commands.py" line="223" time="0.016" /><testcase classname="tests.unit.test_commands.TestDistribuicaoDeFlagsComuns" name="test_flag_antes_do_subcomando_sobrevive_ao_default_do_subcomando" file="tests/unit/test_commands.py" line="238" time="0.014" /><testcase classname="tests.unit.test_commands.TestDistribuicaoDeFlagsComuns" name="test_flag_depois_do_subcomando_tambem_funciona" file="tests/unit/test_commands.py" line="251" time="0.016" /><testcase classname="tests.unit.test_core_additional" name="test_download_from_id_http_500_conta_falha" file="tests/unit/test_core_additional.py" line="13" time="0.004" /><testcase classname="tests.unit.test_core_additional" name="test_download_from_id_request_error_conta_falha" file="tests/unit/test_core_additional.py" line="45" time="0.004" /><testcase classname="tests.unit.test_core_additional" name="test_mark_url_done_ignora_arquivo_inexistente" file="tests/unit/test_core_additional.py" line="73" time="0.004" /><testcase classname="tests.unit.test_core_additional" name="test_mark_url_done_trata_erro_de_escrita" file="tests/unit/test_core_additional.py" line="85" time="0.006" /><testcase classname="tests.unit.test_core_additional" name="test_download_list_vazio_retorna" file="tests/unit/test_core_additional.py" line="106" time="0.003" /><testcase classname="tests.unit.test_core_additional" name="test_download_list_track_sequencial_delega" file="tests/unit/test_core_additional.py" line="112" time="0.003" /><testcase classname="tests.unit.test_core_additional" name="test_download_from_txt_file_trata_erro_de_leitura" file="tests/unit/test_core_additional.py" line="137" time="0.004" /><testcase classname="tests.unit.test_core_additional" name="test_lucky_mode_query_valida_sem_download" file="tests/unit/test_core_additional.py" line="145" time="0.004" /><testcase classname="tests.unit.test_core_additional" name="test_initialize_client_fecha_cliente_anterior" file="tests/unit/test_core_additional.py" line="159" time="0.004" /><testcase classname="tests.unit.test_core_additional" name="test_search_favoritos_playlists_usa_fallback" file="tests/unit/test_core_additional.py" line="194" time="0.004" /><testcase classname="tests.unit.test_core_batch_extra" name="test_download_list_urls_invalidas_e_album" file="tests/unit/test_core_batch_extra.py" line="15" time="0.004" /><testcase classname="tests.unit.test_core_batch_extra" name="test_download_list_tracks_paralelo" file="tests/unit/test_core_batch_extra.py" line="44" time="0.004" /><testcase classname="tests.unit.test_core_batch_extra" name="test_download_playlist_paralelo" file="tests/unit/test_core_batch_extra.py" line="91" time="0.005" /><testcase classname="tests.unit.test_core_branches" name="test_handle_url_label_com_conteudo" file="tests/unit/test_core_branches.py" line="41" time="0.004" /><testcase classname="tests.unit.test_core_branches" name="test_handle_url_artista_com_smart_discography" file="tests/unit/test_core_branches.py" line="68" time="0.004" /><testcase classname="tests.unit.test_core_branches" name="test_handle_url_artista_metadado_com_api_release_type" file="tests/unit/test_core_branches.py" line="101" time="0.005" /><testcase classname="tests.unit.test_core_branches" name="test_download_from_playlist_file_sem_ids_retorna" file="tests/unit/test_core_branches.py" line="141" time="0.004" /><testcase classname="tests.unit.test_core_branches" name="test_download_from_playlist_file_arquivo_vazio" file="tests/unit/test_core_branches.py" line="146" time="0.005" /><testcase classname="tests.unit.test_core_branches" name="test_download_from_playlist_file_playlist_as_albums" file="tests/unit/test_core_branches.py" line="163" time="0.005" /><testcase classname="tests.unit.test_core_download_edges" name="test_download_from_id_status_404_sem_playlist" file="tests/unit/test_core_download_edges.py" line="11" time="0.004" /><testcase classname="tests.unit.test_core_download_edges" name="test_download_from_id_non_streamable_sem_playlist" file="tests/unit/test_core_download_edges.py" line="43" time="0.004" /><testcase classname="tests.unit.test_core_download_edges" name="test_mark_url_done_linha_completa" file="tests/unit/test_core_download_edges.py" line="70" time="0.006" /><testcase classname="tests.unit.test_core_download_edges" name="test_download_from_txt_file_sem_urls_validas" file="tests/unit/test_core_download_edges.py" line="80" time="0.005" /><testcase classname="tests.unit.test_core_download_edges" name="test_lucky_mode_baixa_resultados" file="tests/unit/test_core_download_edges.py" line="91" time="0.004" /><testcase classname="tests.unit.test_core_edge_remaining" name="test_download_from_id_http_sem_response" file="tests/unit/test_core_edge_remaining.py" line="12" time="0.004" /><testcase classname="tests.unit.test_core_edge_remaining" name="test_download_list_url_open_normalizada" file="tests/unit/test_core_edge_remaining.py" line="43" time="0.003" /><testcase classname="tests.unit.test_core_edge_remaining" name="test_search_subfilter_limite_expandido" file="tests/unit/test_core_edge_remaining.py" line="67" time="0.003" /><testcase classname="tests.unit.test_core_edge_remaining" name="test_download_from_playlist_file_falha_no_finalize" file="tests/unit/test_core_edge_remaining.py" line="95" time="0.006" /><testcase classname="tests.unit.test_core_error_paths" name="test_handle_url_url_invalida" file="tests/unit/test_core_error_paths.py" line="16" time="0.003" /><testcase classname="tests.unit.test_core_error_paths" name="test_handle_url_container_com_chunk_sem_itens" file="tests/unit/test_core_error_paths.py" line="34" time="0.005" /><testcase classname="tests.unit.test_core_error_paths" name="test_download_from_id_excecao_generica" file="tests/unit/test_core_error_paths.py" line="61" time="0.004" /><testcase classname="tests.unit.test_core_error_paths" name="test_download_from_id_delay_em_erro" file="tests/unit/test_core_error_paths.py" line="88" time="0.003" /><testcase classname="tests.unit.test_core_error_paths" name="test_download_from_playlist_file_matching_vazio" file="tests/unit/test_core_error_paths.py" line="120" time="0.006" /><testcase classname="tests.unit.test_core_error_paths" name="test_import_playlist_url_sucesso" file="tests/unit/test_core_error_paths.py" line="150" time="0.003" /><testcase classname="tests.unit.test_core_formatting.TestShade" name="test_fator_zero_devolve_a_cor_de_destaque_original" file="tests/unit/test_core_formatting.py" line="24" time="0.002" /><testcase classname="tests.unit.test_core_formatting.TestShade" name="test_fator_positivo_maximo_vai_pro_branco" file="tests/unit/test_core_formatting.py" line="28" time="0.002" /><testcase classname="tests.unit.test_core_formatting.TestShade" name="test_fator_negativo_maximo_vai_pro_preto" file="tests/unit/test_core_formatting.py" line="31" time="0.002" /><testcase classname="tests.unit.test_core_formatting.TestShade" name="test_fator_positivo_fica_entre_a_base_e_o_branco" file="tests/unit/test_core_formatting.py" line="34" time="0.001" /><testcase classname="tests.unit.test_core_formatting.TestShade" name="test_fator_negativo_fica_entre_a_base_e_o_preto" file="tests/unit/test_core_formatting.py" line="45" time="0.001" /><testcase classname="tests.unit.test_core_formatting.TestShade" name="test_formato_e_sempre_hex_de_6_digitos" file="tests/unit/test_core_formatting.py" line="52" time="0.001" /><testcase classname="tests.unit.test_core_formatting.TestShade" name="test_fator_fora_do_intervalo_esperado_nao_gera_hex_malformado" file="tests/unit/test_core_formatting.py" line="58" time="0.001" /><testcase classname="tests.unit.test_core_formatting.TestAlignText" name="test_texto_menor_que_a_largura_e_preenchido_com_espacos" file="tests/unit/test_core_formatting.py" line="80" time="0.001" /><testcase classname="tests.unit.test_core_formatting.TestAlignText" name="test_texto_do_tamanho_exato_nao_muda" file="tests/unit/test_core_formatting.py" line="83" time="0.002" /><testcase classname="tests.unit.test_core_formatting.TestAlignText" name="test_texto_maior_e_truncado_com_reticencias" file="tests/unit/test_core_formatting.py" line="86" time="0.002" /><testcase classname="tests.unit.test_core_formatting.TestAlignText" name="test_none_vira_string_vazia_preenchida" file="tests/unit/test_core_formatting.py" line="91" time="0.002" /><testcase classname="tests.unit.test_core_formatting.TestAlignText" name="test_numero_e_convertido_pra_string" file="tests/unit/test_core_formatting.py" line="94" time="0.001" /><testcase classname="tests.unit.test_core_formatting.TestAlignText" name="test_largura_zero_ou_negativa_nao_quebra" file="tests/unit/test_core_formatting.py" line="97" time="0.001" /><testcase classname="tests.unit.test_core_formatting.TestAlignText" name="test_emoji_conta_como_largura_dupla" file="tests/unit/test_core_formatting.py" line="104" time="0.002" /><testcase classname="tests.unit.test_core_formatting.TestMarkUrlDoneInFile" name="test_linha_correspondente_e_marcada_done" file="tests/unit/test_core_formatting.py" line="121" time="0.004" /><testcase classname="tests.unit.test_core_formatting.TestMarkUrlDoneInFile" name="test_espacos_ao_redor_da_url_sao_ignorados_na_comparacao" file="tests/unit/test_core_formatting.py" line="135" time="0.004" /><testcase classname="tests.unit.test_core_formatting.TestMarkUrlDoneInFile" name="test_marcar_de_novo_nao_duplica_a_tag" file="tests/unit/test_core_formatting.py" line="144" time="0.004" /><testcase classname="tests.unit.test_core_formatting.TestMarkUrlDoneInFile" name="test_url_nao_encontrada_nao_altera_o_arquivo" file="tests/unit/test_core_formatting.py" line="161" time="0.004" /><testcase classname="tests.unit.test_core_formatting.TestMarkUrlDoneInFile" name="test_arquivo_inexistente_nao_lanca_excecao" file="tests/unit/test_core_formatting.py" line="171" time="0.003" /><testcase classname="tests.unit.test_core_formatting.TestMarkUrlDoneInFile" name="test_txt_file_none_nao_lanca_excecao" file="tests/unit/test_core_formatting.py" line="176" time="0.003" /><testcase classname="tests.unit.test_core_formatting.TestMarkUrlDoneInFile" name="test_apenas_a_linha_certa_e_marcada_com_urls_repetidas_por_engano" file="tests/unit/test_core_formatting.py" line="180" time="0.004" /><testcase classname="tests.unit.test_core_handle_url" name="test_tipo_reconhecido_mas_nao_mapeado_devolve_false" file="tests/unit/test_core_handle_url.py" line="77" time="0.004" /><testcase classname="tests.unit.test_core_handle_url" name="test_track_direto_delega_pro_download_from_id" file="tests/unit/test_core_handle_url.py" line="93" time="0.003" /><testcase classname="tests.unit.test_core_handle_url" name="test_album_direto_delega_pro_download_from_id" file="tests/unit/test_core_handle_url.py" line="117" time="0.004" /><testcase classname="tests.unit.test_core_handle_url" name="test_container_sem_conteudo_devolve_false" file="tests/unit/test_core_handle_url.py" line="141" time="0.003" /><testcase classname="tests.unit.test_core_handle_url" name="test_playlist_sequencial_soma_outcomes_mistos" file="tests/unit/test_core_handle_url.py" line="157" time="0.004" /><testcase classname="tests.unit.test_core_handle_url" name="test_paralelo_baixa_todos_via_gather" file="tests/unit/test_core_handle_url.py" line="196" time="0.004" /><testcase classname="tests.unit.test_core_handle_url" name="test_blacklist_pula_item_correspondente" file="tests/unit/test_core_handle_url.py" line="246" time="0.004" /><testcase classname="tests.unit.test_core_handle_url" name="test_filtro_interativo_de_artista_aplica_tipo_selecionado" file="tests/
[...]
seType" name="test_compilation_por_palavra_chave[Anthology]" file="tests/unit/test_utils_pure.py" line="38" time="0.002" /><testcase classname="tests.unit.test_utils_pure.TestClassifyReleaseType" name="test_compilation_por_palavra_chave[Collection]" file="tests/unit/test_utils_pure.py" line="38" time="0.002" /><testcase classname="tests.unit.test_utils_pure.TestClassifyReleaseType" name="test_compilation_por_palavra_chave[Compilation]" file="tests/unit/test_utils_pure.py" line="38" time="0.002" /><testcase classname="tests.unit.test_utils_pure.TestClassifyReleaseType" name="test_compilation_tem_prioridade_sobre_contagem_de_faixas" file="tests/unit/test_utils_pure.py" line="44" time="0.001" /><testcase classname="tests.unit.test_utils_pure.TestClassifyReleaseType" name="test_ep_via_titulo_ou_versao" file="tests/unit/test_utils_pure.py" line="52" time="0.002" /><testcase classname="tests.unit.test_utils_pure.TestClassifyReleaseType" name="test_contagem_de_faixas_bate_com_a_regra_oficial[1-single]" file="tests/unit/test_utils_pure.py" line="56" time="0.002" /><testcase classname="tests.unit.test_utils_pure.TestClassifyReleaseType" name="test_contagem_de_faixas_bate_com_a_regra_oficial[3-single]" file="tests/unit/test_utils_pure.py" line="56" time="0.002" /><testcase classname="tests.unit.test_utils_pure.TestClassifyReleaseType" name="test_contagem_de_faixas_bate_com_a_regra_oficial[4-ep]" file="tests/unit/test_utils_pure.py" line="56" time="0.002" /><testcase classname="tests.unit.test_utils_pure.TestClassifyReleaseType" name="test_contagem_de_faixas_bate_com_a_regra_oficial[7-ep]" file="tests/unit/test_utils_pure.py" line="56" time="0.002" /><testcase classname="tests.unit.test_utils_pure.TestClassifyReleaseType" name="test_contagem_de_faixas_bate_com_a_regra_oficial[8-album]" file="tests/unit/test_utils_pure.py" line="56" time="0.002" /><testcase classname="tests.unit.test_utils_pure.TestClassifyReleaseType" name="test_contagem_de_faixas_bate_com_a_regra_oficial[20-album]" file="tests/unit/test_utils_pure.py" line="56" time="0.002" /><testcase classname="tests.unit.test_utils_pure.TestClassifyReleaseType" name="test_contagem_de_faixas_vence_mesmo_com_api_dizendo_outra_coisa" file="tests/unit/test_utils_pure.py" line="70" time="0.002" /><testcase classname="tests.unit.test_utils_pure.TestClassifyReleaseType" name="test_sem_contagem_cai_pra_duracao_longa_como_album" file="tests/unit/test_utils_pure.py" line="77" time="0.002" /><testcase classname="tests.unit.test_utils_pure.TestClassifyReleaseType" name="test_sem_contagem_nem_duracao_longa_cai_pra_tag_da_api" file="tests/unit/test_utils_pure.py" line="81" time="0.002" /><testcase classname="tests.unit.test_utils_pure.TestClassifyReleaseType" name="test_sem_nenhum_sinal_cai_pro_item_type" file="tests/unit/test_utils_pure.py" line="87" time="0.002" /><testcase classname="tests.unit.test_utils_pure.TestClassifyReleaseType" name="test_titulo_e_versao_none_nao_lancam_excecao" file="tests/unit/test_utils_pure.py" line="90" time="0.002" /><testcase classname="tests.unit.test_utils_pure.TestGetAlbumArtist" name="test_sem_chave_artists_cai_pro_artist_unico" file="tests/unit/test_utils_pure.py" line="100" time="0.002" /><testcase classname="tests.unit.test_utils_pure.TestGetAlbumArtist" name="test_filtra_so_quem_tem_role_main_artist" file="tests/unit/test_utils_pure.py" line="104" time="0.002" /><testcase classname="tests.unit.test_utils_pure.TestGetAlbumArtist" name="test_artists_presente_sem_nenhum_main_artist_cai_pro_artist_unico" file="tests/unit/test_utils_pure.py" line="114" time="0.002" /><testcase classname="tests.unit.test_utils_pure.TestGetAlbumArtist" name="test_album_vazio_devolve_lista_vazia" file="tests/unit/test_utils_pure.py" line="121" time="0.002" /><testcase classname="tests.unit.test_utils_pure.TestGetAlbumArtist" name="test_artist_sem_name_devolve_lista_vazia" file="tests/unit/test_utils_pure.py" line="124" time="0.002" /><testcase classname="tests.unit.test_utils_pure.TestGetUrlInfo" name="test_url_completa_www" file="tests/unit/test_utils_pure.py" line="132" time="0.002" /><testcase classname="tests.unit.test_utils_pure.TestGetUrlInfo" name="test_url_open_qobuz" file="tests/unit/test_utils_pure.py" line="139" time="0.002" /><testcase classname="tests.unit.test_utils_pure.TestGetUrlInfo" name="test_url_play_qobuz" file="tests/unit/test_utils_pure.py" line="144" time="0.002" /><testcase classname="tests.unit.test_utils_pure.TestGetUrlInfo" name="test_caminho_relativo_sem_dominio" file="tests/unit/test_utils_pure.py" line="149" time="0.001" /><testcase classname="tests.unit.test_utils_pure.TestGetUrlInfo" name="test_label" file="tests/unit/test_utils_pure.py" line="154" time="0.002" /><testcase classname="tests.unit.test_utils_pure.TestGetUrlInfo" name="test_url_sem_match_lanca_attribute_error" file="tests/unit/test_utils_pure.py" line="161" time="0.002" /><testcase classname="tests.unit.test_utils_pure.TestFormatDuration" name="test_menos_de_um_minuto" file="tests/unit/test_utils_pure.py" line="173" time="0.002" /><testcase classname="tests.unit.test_utils_pure.TestFormatDuration" name="test_minutos_e_segundos" file="tests/unit/test_utils_pure.py" line="176" time="0.002" /><testcase classname="tests.unit.test_utils_pure.TestFormatDuration" name="test_uma_hora_exata" file="tests/unit/test_utils_pure.py" line="179" time="0.002" /><testcase classname="tests.unit.test_utils_pure.TestFormatDuration" name="test_zero" file="tests/unit/test_utils_pure.py" line="182" time="0.002" /><testcase classname="tests.unit.test_utils_pure.TestPartialFormatter" name="test_campo_presente_formata_normalmente" file="tests/unit/test_utils_pure.py" line="190" time="0.002" /><testcase classname="tests.unit.test_utils_pure.TestPartialFormatter" name="test_campo_ausente_vira_missing" file="tests/unit/test_utils_pure.py" line="194" time="0.001" /><testcase classname="tests.unit.test_utils_pure.TestPartialFormatter" name="test_campo_vazio_tambem_vira_missing" file="tests/unit/test_utils_pure.py" line="198" time="0.001" /><testcase classname="tests.unit.test_utils_pure.TestPartialFormatter" name="test_missing_customizado" file="tests/unit/test_utils_pure.py" line="202" time="0.002" /><testcase classname="tests.unit.test_utils_pure.TestPartialFormatter" name="test_spec_invalido_para_string_vira_bad_fmt" file="tests/unit/test_utils_pure.py" line="206" time="0.002" /><testcase classname="tests.unit.test_utils_pure.TestCreateAndReturnDir" name="test_cria_diretorio_que_nao_existe" file="tests/unit/test_utils_pure.py" line="217" time="0.004" /><testcase classname="tests.unit.test_utils_pure.TestCreateAndReturnDir" name="test_diretorio_ja_existente_nao_lanca_excecao" file="tests/unit/test_utils_pure.py" line="224" time="0.004" /><testcase classname="tests.unit.test_utils_pure.TestGetConfigPaths" name="test_config_dir_explicito_tem_prioridade_maxima" file="tests/unit/test_utils_pure.py" line="233" time="0.004" /><testcase classname="tests.unit.test_utils_pure.TestGetConfigPaths" name="test_ios_home_usado_quando_config_dir_ausente" file="tests/unit/test_utils_pure.py" line="244" time="0.004" /><testcase classname="tests.unit.test_utils_pure.TestGetConfigPaths" name="test_deteccao_automatica_de_ios_via_home" file="tests/unit/test_utils_pure.py" line="252" time="0.002" /><testcase classname="tests.unit.test_utils_pure.TestEncontrarBinario" name="test_encontrado_no_path_e_cacheado" file="tests/unit/test_utils_pure.py" line="277" time="0.002" /><testcase classname="tests.unit.test_utils_pure.TestEncontrarBinario" name="test_nao_encontrado_em_lugar_nenhum_devolve_none" file="tests/unit/test_utils_pure.py" line="291" time="0.002" /><testcase classname="tests.unit.test_utils_pure.TestCheckarBinariosExternos" name="test_ffmpeg_encontrado_sem_fpcalc_nao_avisa_nada" file="tests/unit/test_utils_pure.py" line="317" time="0.002" /><testcase classname="tests.unit.test_utils_pure.TestCheckarBinariosExternos" name="test_ffmpeg_ausente_avisa" file="tests/unit/test_utils_pure.py" line="325" time="0.002" /><testcase classname="tests.unit.test_utils_pure.TestCheckarBinariosExternos" name="test_fpcalc_nao_e_checado_quando_nao_precisa" file="tests/unit/test_utils_pure.py" line="336" time="0.002" /><testcase classname="tests.unit.test_utils_pure.TestCheckarBinariosExternos" name="test_fpcalc_ausente_quando_precisa_avisa" file="tests/unit/test_utils_pure.py" line="348" time="0.002" /><testcase classname="tests.unit.test_utils_pure.TestCheckarBinariosExternos" name="test_fpcalc_encontrado_quando_precisa_nao_avisa_fpcalc" file="tests/unit/test_utils_pure.py" line="363" time="0.002" /><testcase classname="tests.unit.test_utils_pure.TestVerifyAudioIntegrity" name="test_arquivo_inexistente" file="tests/unit/test_utils_pure.py" line="378" time="0.004" /><testcase classname="tests.unit.test_utils_pure.TestVerifyAudioIntegrity" name="test_ffmpeg_nao_disponivel" file="tests/unit/test_utils_pure.py" line="383" time="0.004" /><testcase classname="tests.unit.test_utils_pure.TestVerifyAudioIntegrity" name="test_sucesso_returncode_zero_sem_stderr" file="tests/unit/test_utils_pure.py" line="393" time="0.004" /><testcase classname="tests.unit.test_utils_pure.TestVerifyAudioIntegrity" name="test_returncode_diferente_de_zero_e_falha" file="tests/unit/test_utils_pure.py" line="407" time="0.004" /><testcase classname="tests.unit.test_utils_pure.TestVerifyAudioIntegrity" name="test_stderr_com_conteudo_e_falha_mesmo_com_returncode_zero" file="tests/unit/test_utils_pure.py" line="422" time="0.004" /><testcase classname="tests.unit.test_utils_pure.TestVerifyAudioIntegrity" name="test_ffmpeg_desaparece_entre_o_encontrar_e_o_rodar" file="tests/unit/test_utils_pure.py" line="441" time="0.004" /><testcase classname="tests.unit.test_utils_pure.TestVerifyAudioIntegrity" name="test_timeout" file="tests/unit/test_utils_pure.py" line="456" time="0.004" /><testcase classname="tests.unit.test_utils_pure.TestSmartDiscographyFilter" name="test_remove_album_onde_artista_pedido_e_so_feature" file="tests/unit/test_utils_pure.py" line="493" time="0.003" /><testcase classname="tests.unit.test_utils_pure.TestSmartDiscographyFilter" name="test_mantem_a_melhor_qualidade_entre_duplicatas" file="tests/unit/test_utils_pure.py" line="501" time="0.002" /><testcase classname="tests.unit.test_utils_pure.TestSmartDiscographyFilter" name="test_save_space_escolhe_a_menor_taxa_de_amostragem" file="tests/unit/test_utils_pure.py" line="510" time="0.002" /><testcase classname="tests.unit.test_utils_pure.TestSmartDiscographyFilter" name="test_quando_existe_remaster_no_grupo_so_ele_sobrevive" file="tests/unit/test_utils_pure.py" line="518" time="0.002" /><testcase classname="tests.unit.test_utils_pure.TestSmartDiscographyFilter" name="test_skip_extras_remove_deluxe" file="tests/unit/test_utils_pure.py" line="526" time="0.003" /><testcase classname="tests.unit.test_utils_pure.TestSmartDiscographyFilter" name="test_grupos_de_essencia_diferentes_sobrevivem_independentemente" file="tests/unit/test_utils_pure.py" line="534" time="0.002" /><testcase classname="tests.unit.test_utils_pure.TestInvalidCharsToFullwidth" name="test_cada_caractere_invalido_vira_seu_equivalente_fullwidth" file="tests/unit/test_utils_pure.py" line="544" time="0.002" /><testcase classname="tests.unit.test_utils_pure.TestInvalidCharsToFullwidth" name="test_sem_caractere_invalido_nao_muda" file="tests/unit/test_utils_pure.py" line="549" time="0.002" /><testcase classname="tests.unit.test_utils_pure.TestApplyLegacyCharmap" name="test_dois_pontos_vira_hifen_e_interrogacao_e_removida" file="tests/unit/test_utils_pure.py" line="554" time="0.002" /><testcase classname="tests.unit.test_utils_pure.TestApplyLegacyCharmap" name="test_menor_e_maior_viram_colchetes" file="tests/unit/test_utils_pure.py" line="557" time="0.002" /><testcase classname="tests.unit.test_utils_pure.TestApplyLegacyCharmap" name="test_hifens_duplos_gerados_pela_substituicao_colapsam" file="tests/unit/test_utils_pure.py" line="560" time="0.001" /><testcase classname="tests.unit.test_utils_pure.TestCleanFilename" name="test_normaliza_unicode_para_nfc" file="tests/unit/test_utils_pure.py" line="567" time="0.002" /><testcase classname="tests.unit.test_utils_pure.TestCleanFilename" name="test_separadores_repetidos_colapsam_em_um_so" file="tests/unit/test_utils_pure.py" line="572" time="0.002" /><testcase classname="tests.unit.test_utils_pure.TestCleanFilename" name="test_parenteses_vazios_sao_removidos" file="tests/unit/test_utils_pure.py" line="575" time="0.002" /><testcase classname="tests.unit.test_utils_pure.TestCleanFilename" name="test_parenteses_com_texto_util_sao_preservados" file="tests/unit/test_utils_pure.py" line="578" time="0.002" /><testcase classname="tests.unit.test_utils_pure.TestCleanFilename" name="test_espacos_multiplos_colapsam" file="tests/unit/test_utils_pure.py" line="581" time="0.002" /><testcase classname="tests.unit.test_utils_pure.TestCleanFilename" name="test_pontos_finais_sao_removidos" file="tests/unit/test_utils_pure.py" line="584" time="0.002" /><testcase classname="tests.unit.test_utils_pure.TestCleanFilename" name="test_legacy_charmap_true_usa_ascii" file="tests/unit/test_utils_pure.py" line="587" time="0.002" /><testcase classname="tests.unit.test_utils_pure.TestCleanFilename" name="test_legacy_charmap_false_usa_fullwidth_por_padrao" file="tests/unit/test_utils_pure.py" line="590" time="0.002" /><testcase classname="tests.unit.test_versao.TestPrefixo" name="test_lstrip_nao_come_v_do_meio" file="tests/unit/test_versao.py" line="32" time="0.002" /><testcase classname="tests.unit.test_versao.TestPrefixo" name="test_aceita_maiusculo" file="tests/unit/test_versao.py" line="37" time="0.001" /><testcase classname="tests.unit.test_versao.TestPrefixo" name="test_sem_prefixo_tambem_funciona" file="tests/unit/test_versao.py" line="40" time="0.002" /><testcase classname="tests.unit.test_versao.TestTagsQueQuebravamAntes" name="test_tag_e_interpretada[v2.5.0-rc1]" file="tests/unit/test_versao.py" line="47" time="0.002" /><testcase classname="tests.unit.test_versao.TestTagsQueQuebravamAntes" name="test_tag_e_interpretada[v2.5.0b1]" file="tests/unit/test_versao.py" line="47" time="0.002" /><testcase classname="tests.unit.test_versao.TestTagsQueQuebravamAntes" name="test_tag_e_interpretada[v2.5.0.post1]" file="tests/unit/test_versao.py" line="47" time="0.002" /><testcase classname="tests.unit.test_versao.TestTagsQueQuebravamAntes" name="test_tag_e_interpretada[v2.5.0a2]" file="tests/unit/test_versao.py" line="47" time="0.002" /><testcase classname="tests.unit.test_versao.TestTagsQueQuebravamAntes" name="test_tag_e_interpretada[v2.5.0.dev3]" file="tests/unit/test_versao.py" line="47" time="0.002" /><testcase classname="tests.unit.test_versao.TestTagsQueQuebravamAntes" name="test_tag_e_interpretada[v2.5.0rc1]" file="tests/unit/test_versao.py" line="47" time="0.002" /><testcase classname="tests.unit.test_versao.TestTagsQueQuebravamAntes" name="test_tag_e_interpretada[v3.0]" file="tests/unit/test_versao.py" line="47" time="0.002" /><testcase classname="tests.unit.test_versao.TestTagsQueQuebravamAntes" name="test_pre_release_nao_e_maior_que_o_final[v2.5.0-rc1]" file="tests/unit/test_versao.py" line="62" time="0.002" /><testcase classname="tests.unit.test_versao.TestTagsQueQuebravamAntes" name="test_pre_release_nao_e_maior_que_o_final[v2.5.0b1]" file="tests/unit/test_versao.py" line="62" time="0.002" /><testcase classname="tests.unit.test_versao.TestTagsQueQuebravamAntes" name="test_pre_release_nao_e_maior_que_o_final[v2.5.0a2]" file="tests/unit/test_versao.py" line="62" time="0.002" /><testcase classname="tests.unit.test_versao.TestTagsQueQuebravamAntes" name="test_pre_release_nao_e_maior_que_o_final[v2.5.0.dev3]" file="tests/unit/test_versao.py" line="62" time="0.002" /><testcase classname="tests.unit.test_versao.TestTagsQueQuebravamAntes" name="test_post_release_e_maior_que_o_final" file="tests/unit/test_versao.py" line="76" time="0.002" /><testcase classname="tests.unit.test_versao.TestComparacaoContraVersaoAtual" name="test_detecta_versao_mais_nova[v2.4.9]" file="tests/unit/test_versao.py" line="83" time="0.002" /><testcase classname="tests.unit.test_versao.TestComparacaoContraVersaoAtual" name="test_detecta_versao_mais_nova[v2.5.0]" file="tests/unit/test_versao.py" line="83" time="0.002" /><testcase classname="tests.unit.test_versao.TestComparacaoContraVersaoAtual" name="test_detecta_versao_mais_nova[v3.0.0]" file="tests/unit/test_versao.py" line="83" time="0.002" /><testcase classname="tests.unit.test_versao.TestComparacaoContraVersaoAtual" name="test_detecta_versao_mais_nova[v2.4.8.3]" file="tests/unit/test_versao.py" line="83" time="0.002" /><testcase classname="tests.unit.test_versao.TestComparacaoContraVersaoAtual" name="test_nao_avisa_para_versao_igual_ou_antiga[v2.4.8.2]" file="tests/unit/test_versao.py" line="87" time="0.002" /><testcase classname="tests.unit.test_versao.TestComparacaoContraVersaoAtual" name="test_nao_avisa_para_versao_igual_ou_antiga[v2.4.8.1]" file="tests/unit/test_versao.py" line="87" time="0.002" /><testcase classname="tests.unit.test_versao.TestComparacaoContraVersaoAtual" name="test_nao_avisa_para_versao_igual_ou_antiga[v2.4.8]" file="tests/unit/test_versao.py" line="87" time="0.002" /><testcase classname="tests.unit.test_versao.TestComparacaoContraVersaoAtual" name="test_nao_avisa_para_versao_igual_ou_antiga[v1.0.0]" file="tests/unit/test_versao.py" line="87" time="0.002" /><testcase classname="tests.unit.test_versao.TestComparacaoContraVersaoAtual" name="test_comparacao_numerica_nao_lexicografica" file="tests/unit/test_versao.py" line="91" time="0.002" /><testcase classname="tests.unit.test_versao" name="test_versao_do_pacote_e_valida" file="tests/unit/test_versao.py" line="98" time="0.002" /><testcase classname="tests.unit.test_versao" name="test_tag_realmente_lixo_ainda_e_erro" file="tests/unit/test_versao.py" line="106" time="0.002" /><testcase classname="tests.unit.test_watcher.TestNewAudioFileHandler" name="test_extensao_de_audio_e_enfileirada" file="tests/unit/test_watcher.py" line="76" time="0.004" /><testcase classname="tests.unit.test_watcher.TestNewAudioFileHandler" name="test_extensao_e_case_insensitive" file="tests/unit/test_watcher.py" line="85" time="0.002" /><testcase classname="tests.unit.test_watcher.TestNewAudioFileHandler" name="test_extensao_nao_suportada_e_ignorada" file="tests/unit/test_watcher.py" line="91" time="0.002" /><testcase classname="tests.unit.test_watcher.TestNewAudioFileHandler" name="test_evento_de_diretorio_e_ignorado" file="tests/unit/test_watcher.py" line="98" time="0.001" /><testcase classname="tests.unit.test_watcher.TestNewAudioFileHandler" name="test_on_moved_usa_dest_path_no_src_path" file="tests/unit/test_watcher.py" line="107" time="0.001" /><testcase classname="tests.unit.test_watcher.TestNewAudioFileHandler" name="test_on_moved_de_diretorio_e_ignorado" file="tests/unit/test_watcher.py" line="120" time="0.002" /><testcase classname="tests.unit.test_watcher.TestWatchDirectoryValidacao" name="test_pasta_inexistente_levanta_erro_direto" file="tests/unit/test_watcher.py" line="134" time="0.005" /><testcase classname="tests.unit.test_watcher.TestWatchDirectoryDebounce" name="test_arquivos_na_mesma_pasta_geram_uma_unica_chamada" file="tests/unit/test_watcher.py" line="153" time="0.239" /><testcase classname="tests.unit.test_watcher.TestWatchDirectoryDebounce" name="test_pastas_diferentes_na_mesma_janela_geram_uma_chamada_cada" file="tests/unit/test_watcher.py" line="184" time="0.228" /><testcase classname="tests.unit.test_watcher.TestWatchDirectoryDebounce" name="test_falha_numa_pasta_nao_impede_as_outras" file="tests/unit/test_watcher.py" line="215" time="0.228" /><testcase classname="tests.unit.test_watcher.TestWatchDirectoryDebounce" name="test_observer_e_parado_ao_cancelar" file="tests/unit/test_watcher.py" line="245" time="0.028" /></testsuite></testsuites>